c:\users\justin\downloads\torcs-1.3.6\src\modules\simu\simuv2\debug\vc120.pdb
c:\users\justin\downloads\torcs-1.3.6\src\modules\simu\simuv2\debug\aero.sbr
c:\users\justin\downloads\torcs-1.3.6\src\modules\simu\simuv2\debug\axle.sbr
c:\users\justin\downloads\torcs-1.3.6\src\modules\simu\simuv2\debug\brake.sbr
c:\users\justin\downloads\torcs-1.3.6\src\modules\simu\simuv2\debug\car.sbr
c:\users\justin\downloads\torcs-1.3.6\src\modules\simu\simuv2\debug\categories.sbr
c:\users\justin\downloads\torcs-1.3.6\src\modules\simu\simuv2\debug\collide.sbr
c:\users\justin\downloads\torcs-1.3.6\src\modules\simu\simuv2\debug\differential.sbr
c:\users\justin\downloads\torcs-1.3.6\src\modules\simu\simuv2\debug\engine.sbr
c:\users\justin\downloads\torcs-1.3.6\src\modules\simu\simuv2\debug\simu.sbr
c:\users\justin\downloads\torcs-1.3.6\src\modules\simu\simuv2\debug\simuitf.sbr
c:\users\justin\downloads\torcs-1.3.6\src\modules\simu\simuv2\debug\steer.sbr
c:\users\justin\downloads\torcs-1.3.6\src\modules\simu\simuv2\debug\susp.sbr
c:\users\justin\downloads\torcs-1.3.6\src\modules\simu\simuv2\debug\transmission.sbr
c:\users\justin\downloads\torcs-1.3.6\src\modules\simu\simuv2\debug\wheel.sbr
c:\users\justin\downloads\torcs-1.3.6\src\modules\simu\simuv2\debug\wheel.nativecodeanalysis.xml
c:\users\justin\downloads\torcs-1.3.6\src\modules\simu\simuv2\debug\susp.nativecodeanalysis.xml
c:\users\justin\downloads\torcs-1.3.6\src\modules\simu\simuv2\debug\steer.nativecodeanalysis.xml
c:\users\justin\downloads\torcs-1.3.6\src\modules\simu\simuv2\debug\simuitf.nativecodeanalysis.xml
c:\users\justin\downloads\torcs-1.3.6\src\modules\simu\simuv2\debug\simu.nativecodeanalysis.xml
c:\users\justin\downloads\torcs-1.3.6\src\modules\simu\simuv2\debug\differential.nativecodeanalysis.xml
c:\users\justin\downloads\torcs-1.3.6\src\modules\simu\simuv2\debug\collide.nativecodeanalysis.xml
c:\users\justin\downloads\torcs-1.3.6\src\modules\simu\simuv2\debug\categories.nativecodeanalysis.xml
c:\users\justin\downloads\torcs-1.3.6\src\modules\simu\simuv2\debug\car.nativecodeanalysis.xml
c:\users\justin\downloads\torcs-1.3.6\src\modules\simu\simuv2\debug\brake.nativecodeanalysis.xml
c:\users\justin\downloads\torcs-1.3.6\src\modules\simu\simuv2\debug\axle.nativecodeanalysis.xml
c:\users\justin\downloads\torcs-1.3.6\src\modules\simu\simuv2\debug\aero.nativecodeanalysis.xml
c:\users\justin\downloads\torcs-1.3.6\src\modules\simu\simuv2\debug\aero.obj
c:\users\justin\downloads\torcs-1.3.6\src\modules\simu\simuv2\debug\axle.obj
c:\users\justin\downloads\torcs-1.3.6\src\modules\simu\simuv2\debug\brake.obj
c:\users\justin\downloads\torcs-1.3.6\src\modules\simu\simuv2\debug\car.obj
c:\users\justin\downloads\torcs-1.3.6\src\modules\simu\simuv2\debug\categories.obj
c:\users\justin\downloads\torcs-1.3.6\src\modules\simu\simuv2\debug\collide.obj
c:\users\justin\downloads\torcs-1.3.6\src\modules\simu\simuv2\debug\differential.obj
c:\users\justin\downloads\torcs-1.3.6\src\modules\simu\simuv2\debug\simu.obj
c:\users\justin\downloads\torcs-1.3.6\src\modules\simu\simuv2\debug\simuitf.obj
c:\users\justin\downloads\torcs-1.3.6\src\modules\simu\simuv2\debug\steer.obj
c:\users\justin\downloads\torcs-1.3.6\src\modules\simu\simuv2\debug\susp.obj
c:\users\justin\downloads\torcs-1.3.6\src\modules\simu\simuv2\debug\wheel.obj
c:\users\justin\downloads\torcs-1.3.6\src\modules\simu\simuv2\debug\
c:\users\justin\downloads\torcs-1.3.6\src\modules\simu\simuv2\debug\simuv2.tlog\cl.command.1.tlog
c:\users\justin\downloads\torcs-1.3.6\src\modules\simu\simuv2\debug\simuv2.tlog\cl.read.1.tlog
c:\users\justin\downloads\torcs-1.3.6\src\modules\simu\simuv2\debug\simuv2.tlog\cl.write.1.tlog
