Build started 6/17/2015 11:25:11 PM.
     1>Project "C:\Users\Justin\Downloads\torcs-1.3.6\src\drivers\jgf\jgf.vcxproj" on node 3 (Build target(s)).
     1>ClCompile:
         C:\Program Files (x86)\Microsoft Visual Studio 12.0\VC\bin\CL.exe /c /I../../../export/include /I../../windows/include /I../../.. /Zi /nologo /W2 /WX- /O2 /Ob2 /Oy- /D WIN32 /D NDEBUG /D _WINDOWS /D _USRDLL /D JGF_EXPORTS /D _VC80_UPGRADE=0x0600 /D _WINDLL /D _MBCS /GF /Gm- /EHsc /MT /GS /Gy /fp:precise /Zc:wchar_t /Zc:forScope /Fo".\Release\\" /Fd".\Release\vc120.pdb" /Gd /TP /analyze- /errorReport:prompt jgf.cpp
         jgf.cpp
       Link:
         C:\Program Files (x86)\Microsoft Visual Studio 12.0\VC\bin\link.exe /ERRORREPORT:PROMPT /OUT:".\Release\jgf.dll" /INCREMENTAL:NO /NOLOGO /LIBPATH:../../../export/lib /LIBPATH:../../windows/lib tgf.lib robottools.lib sg.lib ul.lib kernel32.lib user32.lib gdi32.lib winspool.lib comdlg32.lib advapi32.lib shell32.lib ole32.lib oleaut32.lib uuid.lib odbc32.lib odbccp32.lib /DEF:".\jgf.def" /MANIFEST /MANIFESTUAC:"level='asInvoker' uiAccess='false'" /manifest:embed /PDB:".\Release\jgf.pdb" /SUBSYSTEM:CONSOLE /TLBID:1 /DYNAMICBASE /NXCOMPAT /IMPLIB:".\Release\jgf.lib" /MACHINE:X86 /SAFESEH:NO /DLL .\Release\jgf.obj
         .\Release\cardata.obj
         .\Release\driver.obj
         .\Release\learn.obj
         .\Release\opponent.obj
         .\Release\pit.obj
         .\Release\spline.obj
         .\Release\strategy.obj
         "C:\Users\Justin\Downloads\torcs-1.3.6\src\libs\robottools\Release\robottools.lib"
         "C:\Users\Justin\Downloads\torcs-1.3.6\src\libs\tgf\Release\tgf.lib"
            Creating library .\Release\jgf.lib and object .\Release\jgf.exp
         jgf.vcxproj -> C:\Users\Justin\Downloads\torcs-1.3.6\src\drivers\jgf\.\Release\jgf.dll
       PostBuildEvent:
         copy C:\Users\Justin\Downloads\torcs-1.3.6\src\drivers\jgf\Release\*.dll C:\Users\Justin\Downloads\torcs-1.3.6\runtime\drivers\jgf
         :VCEnd
         C:\Users\Justin\Downloads\torcs-1.3.6\src\drivers\jgf\Release\jgf.dll
                 1 file(s) copied.
     1>Done Building Project "C:\Users\Justin\Downloads\torcs-1.3.6\src\drivers\jgf\jgf.vcxproj" (Build target(s)).

Build succeeded.

Time Elapsed 00:00:03.09
