c:\users\justin\downloads\torcs-1.3.6\src\drivers\jgf\release\vc120.pdb
c:\users\justin\downloads\torcs-1.3.6\src\drivers\jgf\release\strategy.obj
c:\users\justin\downloads\torcs-1.3.6\src\drivers\jgf\release\spline.obj
c:\users\justin\downloads\torcs-1.3.6\src\drivers\jgf\release\pit.obj
c:\users\justin\downloads\torcs-1.3.6\src\drivers\jgf\release\opponent.obj
c:\users\justin\downloads\torcs-1.3.6\src\drivers\jgf\release\learn.obj
c:\users\justin\downloads\torcs-1.3.6\src\drivers\jgf\release\driver.obj
c:\users\justin\downloads\torcs-1.3.6\src\drivers\jgf\release\cardata.obj
c:\users\justin\downloads\torcs-1.3.6\src\drivers\jgf\release\jgf.obj
c:\users\justin\downloads\torcs-1.3.6\src\drivers\jgf\release\jgf.lib
c:\users\justin\downloads\torcs-1.3.6\src\drivers\jgf\release\jgf.exp
c:\users\justin\downloads\torcs-1.3.6\src\drivers\jgf\release\jgf.dll
c:\users\justin\downloads\torcs-1.3.6\src\drivers\jgf\release\bt.obj
c:\users\justin\downloads\torcs-1.3.6\src\drivers\jgf\release\bt.exp
c:\users\justin\downloads\torcs-1.3.6\src\drivers\jgf\.\release\jgf.dll
c:\users\justin\downloads\torcs-1.3.6\src\drivers\jgf\release\jgf.tlog\cl.command.1.tlog
c:\users\justin\downloads\torcs-1.3.6\src\drivers\jgf\release\jgf.tlog\cl.read.1.tlog
c:\users\justin\downloads\torcs-1.3.6\src\drivers\jgf\release\jgf.tlog\cl.write.1.tlog
c:\users\justin\downloads\torcs-1.3.6\src\drivers\jgf\release\jgf.tlog\jgf.write.1u.tlog
c:\users\justin\downloads\torcs-1.3.6\src\drivers\jgf\release\jgf.tlog\link.command.1.tlog
c:\users\justin\downloads\torcs-1.3.6\src\drivers\jgf\release\jgf.tlog\link.read.1.tlog
c:\users\justin\downloads\torcs-1.3.6\src\drivers\jgf\release\jgf.tlog\link.write.1.tlog
