c:\users\justin\downloads\torcs-1.3.6\src\modules\graphic\ssggraph\debug\vc120.pdb
c:\users\justin\downloads\torcs-1.3.6\src\modules\graphic\ssggraph\debug\carsounddata.sbr
c:\users\justin\downloads\torcs-1.3.6\src\modules\graphic\ssggraph\debug\grboard.sbr
c:\users\justin\downloads\torcs-1.3.6\src\modules\graphic\ssggraph\debug\grcam.sbr
c:\users\justin\downloads\torcs-1.3.6\src\modules\graphic\ssggraph\debug\grcar.sbr
c:\users\justin\downloads\torcs-1.3.6\src\modules\graphic\ssggraph\debug\grcarlight.sbr
c:\users\justin\downloads\torcs-1.3.6\src\modules\graphic\ssggraph\debug\grloadac.sbr
c:\users\justin\downloads\torcs-1.3.6\src\modules\graphic\ssggraph\debug\grmain.sbr
c:\users\justin\downloads\torcs-1.3.6\src\modules\graphic\ssggraph\debug\grmultitexstate.sbr
c:\users\justin\downloads\torcs-1.3.6\src\modules\graphic\ssggraph\debug\grscene.sbr
c:\users\justin\downloads\torcs-1.3.6\src\modules\graphic\ssggraph\debug\grscreen.sbr
c:\users\justin\downloads\torcs-1.3.6\src\modules\graphic\ssggraph\debug\grshadow.sbr
c:\users\justin\downloads\torcs-1.3.6\src\modules\graphic\ssggraph\debug\grskidmarks.sbr
c:\users\justin\downloads\torcs-1.3.6\src\modules\graphic\ssggraph\debug\grsmoke.sbr
c:\users\justin\downloads\torcs-1.3.6\src\modules\graphic\ssggraph\debug\grsound.sbr
c:\users\justin\downloads\torcs-1.3.6\src\modules\graphic\ssggraph\debug\grtexture.sbr
c:\users\justin\downloads\torcs-1.3.6\src\modules\graphic\ssggraph\debug\grtrackmap.sbr
c:\users\justin\downloads\torcs-1.3.6\src\modules\graphic\ssggraph\debug\grutil.sbr
c:\users\justin\downloads\torcs-1.3.6\src\modules\graphic\ssggraph\debug\grvtxtable.sbr
c:\users\justin\downloads\torcs-1.3.6\src\modules\graphic\ssggraph\debug\openalsoundinterface.sbr
c:\users\justin\downloads\torcs-1.3.6\src\modules\graphic\ssggraph\debug\plibsoundinterface.sbr
c:\users\justin\downloads\torcs-1.3.6\src\modules\graphic\ssggraph\debug\grvtxtable.nativecodeanalysis.xml
c:\users\justin\downloads\torcs-1.3.6\src\modules\graphic\ssggraph\debug\grtrackmap.nativecodeanalysis.xml
c:\users\justin\downloads\torcs-1.3.6\src\modules\graphic\ssggraph\debug\grtexture.nativecodeanalysis.xml
c:\users\justin\downloads\torcs-1.3.6\src\modules\graphic\ssggraph\debug\grskidmarks.nativecodeanalysis.xml
c:\users\justin\downloads\torcs-1.3.6\src\modules\graphic\ssggraph\debug\grshadow.nativecodeanalysis.xml
c:\users\justin\downloads\torcs-1.3.6\src\modules\graphic\ssggraph\debug\grmultitexstate.nativecodeanalysis.xml
c:\users\justin\downloads\torcs-1.3.6\src\modules\graphic\ssggraph\debug\grloadac.nativecodeanalysis.xml
c:\users\justin\downloads\torcs-1.3.6\src\modules\graphic\ssggraph\debug\grloadac.obj
c:\users\justin\downloads\torcs-1.3.6\src\modules\graphic\ssggraph\debug\grmultitexstate.obj
c:\users\justin\downloads\torcs-1.3.6\src\modules\graphic\ssggraph\debug\grshadow.obj
c:\users\justin\downloads\torcs-1.3.6\src\modules\graphic\ssggraph\debug\grskidmarks.obj
c:\users\justin\downloads\torcs-1.3.6\src\modules\graphic\ssggraph\debug\grtexture.obj
c:\users\justin\downloads\torcs-1.3.6\src\modules\graphic\ssggraph\debug\grtrackmap.obj
c:\users\justin\downloads\torcs-1.3.6\src\modules\graphic\ssggraph\debug\grvtxtable.obj
c:\users\justin\downloads\torcs-1.3.6\src\modules\graphic\ssggraph\debug\soundinterface.sbr
c:\users\justin\downloads\torcs-1.3.6\src\modules\graphic\ssggraph\debug\ssggraph.sbr
c:\users\justin\downloads\torcs-1.3.6\src\modules\graphic\ssggraph\debug\torcssound.sbr
c:\users\justin\downloads\torcs-1.3.6\src\modules\graphic\ssggraph\debug\ssggraph.nativecodeanalysis.xml
c:\users\justin\downloads\torcs-1.3.6\src\modules\graphic\ssggraph\debug\ssggraph.obj
c:\users\justin\downloads\torcs-1.3.6\src\modules\graphic\ssggraph\debug\
c:\users\justin\downloads\torcs-1.3.6\src\modules\graphic\ssggraph\debug\ssggraphlib.tlog\cl.command.1.tlog
c:\users\justin\downloads\torcs-1.3.6\src\modules\graphic\ssggraph\debug\ssggraphlib.tlog\cl.read.1.tlog
c:\users\justin\downloads\torcs-1.3.6\src\modules\graphic\ssggraph\debug\ssggraphlib.tlog\cl.write.1.tlog
