c:\users\justin\downloads\torcs-1.3.6\src\drivers\damned\debug\vc120.pdb
c:\users\justin\downloads\torcs-1.3.6\src\drivers\damned\debug\cardata.sbr
c:\users\justin\downloads\torcs-1.3.6\src\drivers\damned\debug\damned.sbr
c:\users\justin\downloads\torcs-1.3.6\src\drivers\damned\debug\driver.sbr
c:\users\justin\downloads\torcs-1.3.6\src\drivers\damned\debug\learn.sbr
c:\users\justin\downloads\torcs-1.3.6\src\drivers\damned\debug\opponent.sbr
c:\users\justin\downloads\torcs-1.3.6\src\drivers\damned\debug\pit.sbr
c:\users\justin\downloads\torcs-1.3.6\src\drivers\damned\debug\spline.sbr
c:\users\justin\downloads\torcs-1.3.6\src\drivers\damned\debug\strategy.sbr
c:\users\justin\downloads\torcs-1.3.6\src\drivers\damned\debug\strategy.nativecodeanalysis.xml
c:\users\justin\downloads\torcs-1.3.6\src\drivers\damned\debug\spline.nativecodeanalysis.xml
c:\users\justin\downloads\torcs-1.3.6\src\drivers\damned\debug\pit.nativecodeanalysis.xml
c:\users\justin\downloads\torcs-1.3.6\src\drivers\damned\debug\opponent.nativecodeanalysis.xml
c:\users\justin\downloads\torcs-1.3.6\src\drivers\damned\debug\damned.nativecodeanalysis.xml
c:\users\justin\downloads\torcs-1.3.6\src\drivers\damned\debug\cardata.nativecodeanalysis.xml
c:\users\justin\downloads\torcs-1.3.6\src\drivers\damned\debug\cardata.obj
c:\users\justin\downloads\torcs-1.3.6\src\drivers\damned\debug\damned.obj
c:\users\justin\downloads\torcs-1.3.6\src\drivers\damned\debug\opponent.obj
c:\users\justin\downloads\torcs-1.3.6\src\drivers\damned\debug\pit.obj
c:\users\justin\downloads\torcs-1.3.6\src\drivers\damned\debug\spline.obj
c:\users\justin\downloads\torcs-1.3.6\src\drivers\damned\debug\strategy.obj
c:\users\justin\downloads\torcs-1.3.6\src\drivers\damned\debug\
c:\users\justin\downloads\torcs-1.3.6\src\drivers\damned\debug\damned.tlog\cl.command.1.tlog
c:\users\justin\downloads\torcs-1.3.6\src\drivers\damned\debug\damned.tlog\cl.read.1.tlog
c:\users\justin\downloads\torcs-1.3.6\src\drivers\damned\debug\damned.tlog\cl.write.1.tlog
