c:\users\justin\downloads\torcs-1.3.6\src\drivers\bt\release\bt.lib
c:\users\justin\downloads\torcs-1.3.6\src\drivers\bt\release\bt.exp
c:\users\justin\downloads\torcs-1.3.6\src\drivers\bt\release\vc120.pdb
c:\users\justin\downloads\torcs-1.3.6\src\drivers\bt\release\strategy.obj
c:\users\justin\downloads\torcs-1.3.6\src\drivers\bt\release\spline.obj
c:\users\justin\downloads\torcs-1.3.6\src\drivers\bt\release\pit.obj
c:\users\justin\downloads\torcs-1.3.6\src\drivers\bt\release\opponent.obj
c:\users\justin\downloads\torcs-1.3.6\src\drivers\bt\release\learn.obj
c:\users\justin\downloads\torcs-1.3.6\src\drivers\bt\release\driver.obj
c:\users\justin\downloads\torcs-1.3.6\src\drivers\bt\release\cardata.obj
c:\users\justin\downloads\torcs-1.3.6\src\drivers\bt\release\bt.obj
c:\users\justin\downloads\torcs-1.3.6\src\drivers\bt\release\bt.dll
c:\users\justin\downloads\torcs-1.3.6\src\drivers\bt\.\release\bt.dll
c:\users\justin\downloads\torcs-1.3.6\src\drivers\bt\release\bt.tlog\bt.write.1u.tlog
c:\users\justin\downloads\torcs-1.3.6\src\drivers\bt\release\bt.tlog\cl.command.1.tlog
c:\users\justin\downloads\torcs-1.3.6\src\drivers\bt\release\bt.tlog\cl.read.1.tlog
c:\users\justin\downloads\torcs-1.3.6\src\drivers\bt\release\bt.tlog\cl.write.1.tlog
c:\users\justin\downloads\torcs-1.3.6\src\drivers\bt\release\bt.tlog\link.command.1.tlog
c:\users\justin\downloads\torcs-1.3.6\src\drivers\bt\release\bt.tlog\link.read.1.tlog
c:\users\justin\downloads\torcs-1.3.6\src\drivers\bt\release\bt.tlog\link.write.1.tlog
