Build started 6/2/2015 11:21:26 PM.
     1>Project "C:\Users\Justin\Downloads\torcs-1.3.6\src\libs\txml\txml.vcxproj" on node 2 (Rebuild target(s)).
     1>ClCompile:
         C:\Program Files (x86)\Microsoft Visual Studio 12.0\VC\bin\CL.exe /c /I../../../export/include /I../../windows/include /I../../.. /Zi /nologo /W2 /WX- /O2 /Ob2 /Oy- /D WIN32 /D NDEBUG /D _WINDOWS /D _USRDLL /D TXML_EXPORTS /D _VC80_UPGRADE=0x0600 /D _WINDLL /D _MBCS /GF /Gm- /EHsc /MT /GS /Gy /fp:precise /Zc:wchar_t /Zc:forScope /Fo".\Release\\" /Fd".\Release\vc120.pdb" /Gd /TC /analyze- /errorReport:prompt dllmain.c gennmtab.c hashtable.c xmlparse.c xmlrole.c xmltok.c
         dllmain.c
         gennmtab.c
         hashtable.c
         xmlparse.c
         xmlrole.c
         xmltok.c
         Generating Code...
         C:\Program Files (x86)\Microsoft Visual Studio 12.0\VC\bin\CL.exe /c /I../../../export/include /I../../windows/include /I../../.. /Zi /nologo /W2 /WX- /O2 /Ob2 /Oy- /D WIN32 /D NDEBUG /D _WINDOWS /D _USRDLL /D TXML_EXPORTS /D _VC80_UPGRADE=0x0600 /D _WINDLL /D _MBCS /GF /Gm- /EHsc /MT /GS /Gy /fp:precise /Zc:wchar_t /Zc:forScope /Fo".\Release\\" /Fd".\Release\vc120.pdb" /Gd /TP /analyze- /errorReport:prompt xml.cpp
         xml.cpp
       Link:
         C:\Program Files (x86)\Microsoft Visual Studio 12.0\VC\bin\link.exe /ERRORREPORT:PROMPT /OUT:".\Release\txml.dll" /INCREMENTAL:NO /NOLOGO /LIBPATH:../../windows/lib kernel32.lib user32.lib gdi32.lib winspool.lib comdlg32.lib advapi32.lib shell32.lib ole32.lib oleaut32.lib uuid.lib odbc32.lib odbccp32.lib /DEF:".\txml.def" /MANIFEST /MANIFESTUAC:"level='asInvoker' uiAccess='false'" /manifest:embed /PDB:".\Release\txml.pdb" /SUBSYSTEM:CONSOLE /TLBID:1 /DYNAMICBASE /NXCOMPAT /IMPLIB:".\Release\txml.lib" /MACHINE:X86 /SAFESEH:NO /DLL .\Release\dllmain.obj
         .\Release\gennmtab.obj
         .\Release\hashtable.obj
         .\Release\xml.obj
         .\Release\xmlparse.obj
         .\Release\xmlrole.obj
         .\Release\xmltok.obj
            Creating library .\Release\txml.lib and object .\Release\txml.exp
         txml.vcxproj -> C:\Users\Justin\Downloads\torcs-1.3.6\src\libs\txml\.\Release\txml.dll
       PostBuildEvent:
         copy C:\Users\Justin\Downloads\torcs-1.3.6\src\libs\txml\Release\*.dll C:\Users\Justin\Downloads\torcs-1.3.6\runtime
         copy C:\Users\Justin\Downloads\torcs-1.3.6\src\libs\txml\Release\*.lib C:\Users\Justin\Downloads\torcs-1.3.6\export\lib
         :VCEnd
         C:\Users\Justin\Downloads\torcs-1.3.6\src\libs\txml\Release\txml.dll
         The process cannot access the file because it is being used by another process.
                 0 file(s) copied.
         C:\Users\Justin\Downloads\torcs-1.3.6\src\libs\txml\Release\txml.lib
                 1 file(s) copied.
     1>Done Building Project "C:\Users\Justin\Downloads\torcs-1.3.6\src\libs\txml\txml.vcxproj" (Rebuild target(s)).

Build succeeded.

Time Elapsed 00:00:04.44
