Build started 6/1/2015 10:59:06 PM.
     1>Project "C:\Users\Justin\Downloads\torcs-1.3.6\src\tools\accc\accc.vcxproj" on node 3 (Rebuild target(s)).
     1>ClCompile:
         C:\Program Files (x86)\Microsoft Visual Studio 12.0\VC\bin\CL.exe /c /I../../../export/include /I../../.. /Zi /nologo /W2 /WX- /O2 /Oy- /D WIN32 /D NDEBUG /D _CONSOLE /D _VC80_UPGRADE=0x0600 /D _MBCS /GF /Gm- /EHsc /MT /GS /Gy /fp:precise /Zc:wchar_t /Zc:forScope /Fo".\Release\\" /Fd".\Release\vc120.pdb" /Gd /TP /analyze- /errorReport:prompt ac3dgroup.cpp ac3dload.cpp mainaccc.cpp
         ac3dgroup.cpp
         ac3dload.cpp
         mainaccc.cpp
         Generating Code...
       Link:
         C:\Program Files (x86)\Microsoft Visual Studio 12.0\VC\bin\link.exe /ERRORREPORT:PROMPT /OUT:".\Release\accc.exe" /INCREMENTAL:NO /NOLOGO odbc32.lib odbccp32.lib kernel32.lib user32.lib gdi32.lib winspool.lib comdlg32.lib advapi32.lib shell32.lib ole32.lib oleaut32.lib uuid.lib odbc32.lib odbccp32.lib /MANIFEST /MANIFESTUAC:"level='asInvoker' uiAccess='false'" /manifest:embed /PDB:".\Release\accc.pdb" /SUBSYSTEM:CONSOLE /TLBID:1 /DYNAMICBASE /NXCOMPAT /IMPLIB:".\Release\accc.lib" /MACHINE:X86 /SAFESEH:NO /SAFESEH:NO .\Release\ac3dgroup.obj
         .\Release\ac3dload.obj
         .\Release\mainaccc.obj
         accc.vcxproj -> C:\Users\Justin\Downloads\torcs-1.3.6\src\tools\accc\.\Release\accc.exe
       PostBuildEvent:
         copy C:\Users\Justin\Downloads\torcs-1.3.6\src\tools\accc\Release\accc.exe C:\Users\Justin\Downloads\torcs-1.3.6\runtime
         :VCEnd
                 1 file(s) copied.
     1>Done Building Project "C:\Users\Justin\Downloads\torcs-1.3.6\src\tools\accc\accc.vcxproj" (Rebuild target(s)).

Build succeeded.

Time Elapsed 00:00:04.67
