Build started 5/30/2015 4:08:41 PM.
     1>Project "C:\Users\Justin\Downloads\torcs-1.3.6\src\modules\track\track.vcxproj" on node 3 (Build target(s)).
     1>ClCompile:
         C:\Program Files (x86)\Microsoft Visual Studio 12.0\VC\bin\CL.exe /c /I../../../export/include /I../../windows/include /I../../.. /Zi /nologo /W2 /WX- /Od /Oy- /D WIN32 /D _DEBUG /D _WINDOWS /D _USRDLL /D TRACK_EXPORTS /D DEBUG /D DEBUG_OUT /D _VC80_UPGRADE=0x0600 /D _WINDLL /D _MBCS /Gm- /EHsc /RTC1 /MTd /GS /Gy- /fp:precise /Zc:wchar_t /Zc:forScope /Fo".\Debug\\" /Fd".\Debug\vc120.pdb" /FR".\Debug\\" /Gd /TP /analyze- /errorReport:prompt track.cpp track3.cpp track4.cpp
         track.cpp
         track3.cpp
         track4.cpp
         Generating Code...
       Link:
         C:\Program Files (x86)\Microsoft Visual Studio 12.0\VC\bin\link.exe /ERRORREPORT:PROMPT /OUT:".\Debug\track.dll" /INCREMENTAL /NOLOGO /LIBPATH:../../../export/libd /LIBPATH:../../windows/lib tgf.lib robottools.lib txml.lib ssg.lib ul.lib sg.lib kernel32.lib user32.lib gdi32.lib winspool.lib comdlg32.lib advapi32.lib shell32.lib ole32.lib oleaut32.lib uuid.lib odbc32.lib odbccp32.lib /NODEFAULTLIB:LIBCMT /DEF:".\track.def" /MANIFEST /MANIFESTUAC:"level='asInvoker' uiAccess='false'" /manifest:embed /DEBUG /PDB:".\Debug\track.pdb" /SUBSYSTEM:CONSOLE /TLBID:1 /DYNAMICBASE /NXCOMPAT /IMPLIB:".\Debug\track.lib" /MACHINE:X86 /SAFESEH /DLL .\Debug\track.obj
         .\Debug\track3.obj
         .\Debug\track4.obj
         .\Debug\trackitf.obj
         .\Debug\trackutil.obj
         "C:\Users\Justin\Downloads\torcs-1.3.6\src\libs\robottools\Debug\robottools.lib"
         "C:\Users\Justin\Downloads\torcs-1.3.6\src\libs\tgf\Debug\tgf.lib"
     1>LINK : fatal error LNK1104: cannot open file 'robottools.lib'
     1>Done Building Project "C:\Users\Justin\Downloads\torcs-1.3.6\src\modules\track\track.vcxproj" (Build target(s)) -- FAILED.

Build FAILED.

Time Elapsed 00:00:03.74
