c:\users\justin\downloads\torcs-1.3.6\src\drivers\olethros\debug\vc120.pdb
c:\users\justin\downloads\torcs-1.3.6\src\drivers\olethros\debug\cardata.sbr
c:\users\justin\downloads\torcs-1.3.6\src\drivers\olethros\debug\driver.sbr
c:\users\justin\downloads\torcs-1.3.6\src\drivers\olethros\debug\geometry.sbr
c:\users\justin\downloads\torcs-1.3.6\src\drivers\olethros\debug\learn.sbr
c:\users\justin\downloads\torcs-1.3.6\src\drivers\olethros\debug\olethros.sbr
c:\users\justin\downloads\torcs-1.3.6\src\drivers\olethros\debug\opponent.sbr
c:\users\justin\downloads\torcs-1.3.6\src\drivers\olethros\debug\pit.sbr
c:\users\justin\downloads\torcs-1.3.6\src\drivers\olethros\debug\spline.sbr
c:\users\justin\downloads\torcs-1.3.6\src\drivers\olethros\debug\strategy.sbr
c:\users\justin\downloads\torcs-1.3.6\src\drivers\olethros\debug\trackdata.sbr
c:\users\justin\downloads\torcs-1.3.6\src\drivers\olethros\debug\trajectory.sbr
c:\users\justin\downloads\torcs-1.3.6\src\drivers\olethros\debug\spline.nativecodeanalysis.xml
c:\users\justin\downloads\torcs-1.3.6\src\drivers\olethros\debug\learn.nativecodeanalysis.xml
c:\users\justin\downloads\torcs-1.3.6\src\drivers\olethros\debug\cardata.nativecodeanalysis.xml
c:\users\justin\downloads\torcs-1.3.6\src\drivers\olethros\debug\cardata.obj
c:\users\justin\downloads\torcs-1.3.6\src\drivers\olethros\debug\learn.obj
c:\users\justin\downloads\torcs-1.3.6\src\drivers\olethros\debug\spline.obj
c:\users\justin\downloads\torcs-1.3.6\src\drivers\olethros\debug\
c:\users\justin\downloads\torcs-1.3.6\src\drivers\olethros\debug\olethros.tlog\cl.command.1.tlog
c:\users\justin\downloads\torcs-1.3.6\src\drivers\olethros\debug\olethros.tlog\cl.read.1.tlog
c:\users\justin\downloads\torcs-1.3.6\src\drivers\olethros\debug\olethros.tlog\cl.write.1.tlog
