c:\users\justin\downloads\torcs-1.3.6\src\modules\simu\simuv2\solid-2.0\release\vc120.pdb
c:\users\justin\downloads\torcs-1.3.6\src\modules\simu\simuv2\solid-2.0\release\transform.obj
c:\users\justin\downloads\torcs-1.3.6\src\modules\simu\simuv2\solid-2.0\release\sphere.obj
c:\users\justin\downloads\torcs-1.3.6\src\modules\simu\simuv2\solid-2.0\release\simplex.obj
c:\users\justin\downloads\torcs-1.3.6\src\modules\simu\simuv2\solid-2.0\release\resptable.obj
c:\users\justin\downloads\torcs-1.3.6\src\modules\simu\simuv2\solid-2.0\release\response.obj
c:\users\justin\downloads\torcs-1.3.6\src\modules\simu\simuv2\solid-2.0\release\polyhedron.obj
c:\users\justin\downloads\torcs-1.3.6\src\modules\simu\simuv2\solid-2.0\release\polygon.obj
c:\users\justin\downloads\torcs-1.3.6\src\modules\simu\simuv2\solid-2.0\release\object.obj
c:\users\justin\downloads\torcs-1.3.6\src\modules\simu\simuv2\solid-2.0\release\endpoint.obj
c:\users\justin\downloads\torcs-1.3.6\src\modules\simu\simuv2\solid-2.0\release\cylinder.obj
c:\users\justin\downloads\torcs-1.3.6\src\modules\simu\simuv2\solid-2.0\release\convex.obj
c:\users\justin\downloads\torcs-1.3.6\src\modules\simu\simuv2\solid-2.0\release\cone.obj
c:\users\justin\downloads\torcs-1.3.6\src\modules\simu\simuv2\solid-2.0\release\complex.obj
c:\users\justin\downloads\torcs-1.3.6\src\modules\simu\simuv2\solid-2.0\release\c-api.obj
c:\users\justin\downloads\torcs-1.3.6\src\modules\simu\simuv2\solid-2.0\release\box.obj
c:\users\justin\downloads\torcs-1.3.6\src\modules\simu\simuv2\solid-2.0\release\bboxtree.obj
c:\users\justin\downloads\torcs-1.3.6\src\modules\simu\simuv2\solid-2.0\release\solid.lib
c:\users\justin\downloads\torcs-1.3.6\src\modules\simu\simuv2\solid-2.0\.\release\solid.lib
c:\users\justin\downloads\torcs-1.3.6\src\modules\simu\simuv2\solid-2.0\release\solid.tlog\cl.command.1.tlog
c:\users\justin\downloads\torcs-1.3.6\src\modules\simu\simuv2\solid-2.0\release\solid.tlog\cl.read.1.tlog
c:\users\justin\downloads\torcs-1.3.6\src\modules\simu\simuv2\solid-2.0\release\solid.tlog\cl.write.1.tlog
c:\users\justin\downloads\torcs-1.3.6\src\modules\simu\simuv2\solid-2.0\release\solid.tlog\lib-link.read.1.tlog
c:\users\justin\downloads\torcs-1.3.6\src\modules\simu\simuv2\solid-2.0\release\solid.tlog\lib-link.write.1.tlog
c:\users\justin\downloads\torcs-1.3.6\src\modules\simu\simuv2\solid-2.0\release\solid.tlog\lib.command.1.tlog
