c:\users\justin\downloads\torcs-1.3.6\src\tools\nfs2ac\debug\nfs2ac.bsc
c:\users\justin\downloads\torcs-1.3.6\src\tools\nfs2ac\debug\vc120.pdb
c:\users\justin\downloads\torcs-1.3.6\src\tools\nfs2ac\debug\mainnfs2ac.sbr
c:\users\justin\downloads\torcs-1.3.6\src\tools\nfs2ac\debug\mainnfs2ac.nativecodeanalysis.xml
c:\users\justin\downloads\torcs-1.3.6\src\tools\nfs2ac\debug\mainnfs2ac.obj
c:\users\justin\downloads\torcs-1.3.6\src\tools\nfs2ac\debug\nfs2ac.ilk
c:\users\justin\downloads\torcs-1.3.6\src\tools\nfs2ac\debug\nfs2ac.exe
c:\users\justin\downloads\torcs-1.3.6\src\tools\nfs2ac\debug\nfs2ac.pdb
c:\users\justin\downloads\torcs-1.3.6\src\tools\nfs2ac\debug\nativecodeanalysis.read.1.tlog
c:\users\justin\downloads\torcs-1.3.6\src\tools\nfs2ac\debug\vc.nativecodeanalysis.all.xml
c:\users\justin\downloads\torcs-1.3.6\src\tools\nfs2ac\.\debug\nfs2ac.exe
c:\users\justin\downloads\torcs-1.3.6\src\tools\nfs2ac\debug\nfs2ac.tlog\bscmake.command.1.tlog
c:\users\justin\downloads\torcs-1.3.6\src\tools\nfs2ac\debug\nfs2ac.tlog\bscmake.read.1.tlog
c:\users\justin\downloads\torcs-1.3.6\src\tools\nfs2ac\debug\nfs2ac.tlog\bscmake.write.1.tlog
c:\users\justin\downloads\torcs-1.3.6\src\tools\nfs2ac\debug\nfs2ac.tlog\cl.command.1.tlog
c:\users\justin\downloads\torcs-1.3.6\src\tools\nfs2ac\debug\nfs2ac.tlog\cl.read.1.tlog
c:\users\justin\downloads\torcs-1.3.6\src\tools\nfs2ac\debug\nfs2ac.tlog\cl.write.1.tlog
c:\users\justin\downloads\torcs-1.3.6\src\tools\nfs2ac\debug\nfs2ac.tlog\link.command.1.tlog
c:\users\justin\downloads\torcs-1.3.6\src\tools\nfs2ac\debug\nfs2ac.tlog\link.read.1.tlog
c:\users\justin\downloads\torcs-1.3.6\src\tools\nfs2ac\debug\nfs2ac.tlog\link.write.1.tlog
