c:\users\justin\downloads\torcs-1.3.6\src\libs\learning\debug\vc120.pdb
c:\users\justin\downloads\torcs-1.3.6\src\libs\learning\debug\ann.sbr
c:\users\justin\downloads\torcs-1.3.6\src\libs\learning\debug\ann_policy.sbr
c:\users\justin\downloads\torcs-1.3.6\src\libs\learning\debug\distribution.sbr
c:\users\justin\downloads\torcs-1.3.6\src\libs\learning\debug\list.sbr
c:\users\justin\downloads\torcs-1.3.6\src\libs\learning\debug\mathfunctions.sbr
c:\users\justin\downloads\torcs-1.3.6\src\libs\learning\debug\policy.sbr
c:\users\justin\downloads\torcs-1.3.6\src\libs\learning\debug\string_utils.sbr
c:\users\justin\downloads\torcs-1.3.6\src\libs\learning\debug\policy.nativecodeanalysis.xml
c:\users\justin\downloads\torcs-1.3.6\src\libs\learning\debug\mathfunctions.nativecodeanalysis.xml
c:\users\justin\downloads\torcs-1.3.6\src\libs\learning\debug\list.nativecodeanalysis.xml
c:\users\justin\downloads\torcs-1.3.6\src\libs\learning\debug\distribution.nativecodeanalysis.xml
c:\users\justin\downloads\torcs-1.3.6\src\libs\learning\debug\ann_policy.nativecodeanalysis.xml
c:\users\justin\downloads\torcs-1.3.6\src\libs\learning\debug\ann.nativecodeanalysis.xml
c:\users\justin\downloads\torcs-1.3.6\src\libs\learning\debug\ann.obj
c:\users\justin\downloads\torcs-1.3.6\src\libs\learning\debug\ann_policy.obj
c:\users\justin\downloads\torcs-1.3.6\src\libs\learning\debug\distribution.obj
c:\users\justin\downloads\torcs-1.3.6\src\libs\learning\debug\list.obj
c:\users\justin\downloads\torcs-1.3.6\src\libs\learning\debug\mathfunctions.obj
c:\users\justin\downloads\torcs-1.3.6\src\libs\learning\debug\policy.obj
c:\users\justin\downloads\torcs-1.3.6\src\libs\learning\debug\
c:\users\justin\downloads\torcs-1.3.6\src\libs\learning\debug\learning.tlog\cl.command.1.tlog
c:\users\justin\downloads\torcs-1.3.6\src\libs\learning\debug\learning.tlog\cl.read.1.tlog
c:\users\justin\downloads\torcs-1.3.6\src\libs\learning\debug\learning.tlog\cl.write.1.tlog
