c:\users\justin\downloads\torcs-1.3.6\src\modules\simu\simuv2\release\vc120.pdb
c:\users\justin\downloads\torcs-1.3.6\src\modules\simu\simuv2\release\wheel.obj
c:\users\justin\downloads\torcs-1.3.6\src\modules\simu\simuv2\release\transmission.obj
c:\users\justin\downloads\torcs-1.3.6\src\modules\simu\simuv2\release\susp.obj
c:\users\justin\downloads\torcs-1.3.6\src\modules\simu\simuv2\release\steer.obj
c:\users\justin\downloads\torcs-1.3.6\src\modules\simu\simuv2\release\simuitf.obj
c:\users\justin\downloads\torcs-1.3.6\src\modules\simu\simuv2\release\simu.obj
c:\users\justin\downloads\torcs-1.3.6\src\modules\simu\simuv2\release\engine.obj
c:\users\justin\downloads\torcs-1.3.6\src\modules\simu\simuv2\release\differential.obj
c:\users\justin\downloads\torcs-1.3.6\src\modules\simu\simuv2\release\collide.obj
c:\users\justin\downloads\torcs-1.3.6\src\modules\simu\simuv2\release\categories.obj
c:\users\justin\downloads\torcs-1.3.6\src\modules\simu\simuv2\release\car.obj
c:\users\justin\downloads\torcs-1.3.6\src\modules\simu\simuv2\release\brake.obj
c:\users\justin\downloads\torcs-1.3.6\src\modules\simu\simuv2\release\axle.obj
c:\users\justin\downloads\torcs-1.3.6\src\modules\simu\simuv2\release\aero.obj
c:\users\justin\downloads\torcs-1.3.6\src\modules\simu\simuv2\release\simuv2.dll
c:\users\justin\downloads\torcs-1.3.6\src\modules\simu\simuv2\release\simuv2.lib
c:\users\justin\downloads\torcs-1.3.6\src\modules\simu\simuv2\release\simuv2.exp
c:\users\justin\downloads\torcs-1.3.6\src\modules\simu\simuv2\.\release\simuv2.dll
c:\users\justin\downloads\torcs-1.3.6\src\modules\simu\simuv2\release\simuv2.tlog\cl.command.1.tlog
c:\users\justin\downloads\torcs-1.3.6\src\modules\simu\simuv2\release\simuv2.tlog\cl.read.1.tlog
c:\users\justin\downloads\torcs-1.3.6\src\modules\simu\simuv2\release\simuv2.tlog\cl.write.1.tlog
c:\users\justin\downloads\torcs-1.3.6\src\modules\simu\simuv2\release\simuv2.tlog\link.command.1.tlog
c:\users\justin\downloads\torcs-1.3.6\src\modules\simu\simuv2\release\simuv2.tlog\link.read.1.tlog
c:\users\justin\downloads\torcs-1.3.6\src\modules\simu\simuv2\release\simuv2.tlog\link.write.1.tlog
c:\users\justin\downloads\torcs-1.3.6\src\modules\simu\simuv2\release\simuv2.tlog\simuv2.write.1u.tlog
