c:\users\justin\downloads\torcs-1.3.6\src\libs\client\release\vc120.pdb
c:\users\justin\downloads\torcs-1.3.6\src\libs\client\release\singleplayer.obj
c:\users\justin\downloads\torcs-1.3.6\src\libs\client\release\racestate.obj
c:\users\justin\downloads\torcs-1.3.6\src\libs\client\release\raceresults.obj
c:\users\justin\downloads\torcs-1.3.6\src\libs\client\release\racemanmenu.obj
c:\users\justin\downloads\torcs-1.3.6\src\libs\client\release\racemain.obj
c:\users\justin\downloads\torcs-1.3.6\src\libs\client\release\raceinit.obj
c:\users\justin\downloads\torcs-1.3.6\src\libs\client\release\racegl.obj
c:\users\justin\downloads\torcs-1.3.6\src\libs\client\release\raceengine.obj
c:\users\justin\downloads\torcs-1.3.6\src\libs\client\release\soundstream.obj
c:\users\justin\downloads\torcs-1.3.6\src\libs\client\release\openalmusicplayer.obj
c:\users\justin\downloads\torcs-1.3.6\src\libs\client\release\oggsoundstream.obj
c:\users\justin\downloads\torcs-1.3.6\src\libs\client\release\musicplayer.obj
c:\users\justin\downloads\torcs-1.3.6\src\libs\client\release\soundconfig.obj
c:\users\justin\downloads\torcs-1.3.6\src\libs\client\release\simuconfig.obj
c:\users\justin\downloads\torcs-1.3.6\src\libs\client\release\openglconfig.obj
c:\users\justin\downloads\torcs-1.3.6\src\libs\client\release\mouseconfig.obj
c:\users\justin\downloads\torcs-1.3.6\src\libs\client\release\joystickconfig.obj
c:\users\justin\downloads\torcs-1.3.6\src\libs\client\release\graphconfig.obj
c:\users\justin\downloads\torcs-1.3.6\src\libs\client\release\driverconfig.obj
c:\users\justin\downloads\torcs-1.3.6\src\libs\client\release\controlconfig.obj
c:\users\justin\downloads\torcs-1.3.6\src\libs\client\release\guiobject.obj
c:\users\justin\downloads\torcs-1.3.6\src\libs\client\release\guimenu.obj
c:\users\justin\downloads\torcs-1.3.6\src\libs\client\release\guilabel.obj
c:\users\justin\downloads\torcs-1.3.6\src\libs\client\release\guiimage.obj
c:\users\justin\downloads\torcs-1.3.6\src\libs\client\release\guihelp.obj
c:\users\justin\downloads\torcs-1.3.6\src\libs\client\release\guifont.obj
c:\users\justin\downloads\torcs-1.3.6\src\libs\client\release\guiedit.obj
c:\users\justin\downloads\torcs-1.3.6\src\libs\client\release\guibutton.obj
c:\users\justin\downloads\torcs-1.3.6\src\libs\client\release\gui.obj
c:\users\justin\downloads\torcs-1.3.6\src\libs\client\release\glfeatures.obj
c:\users\justin\downloads\torcs-1.3.6\src\libs\client\release\control.obj
c:\users\justin\downloads\torcs-1.3.6\src\libs\client\release\trackselect.obj
c:\users\justin\downloads\torcs-1.3.6\src\libs\client\release\results.obj
c:\users\justin\downloads\torcs-1.3.6\src\libs\client\release\racemenu.obj
c:\users\justin\downloads\torcs-1.3.6\src\libs\client\release\pitmenu.obj
c:\users\justin\downloads\torcs-1.3.6\src\libs\client\release\miscscreens.obj
c:\users\justin\downloads\torcs-1.3.6\src\libs\client\release\loadingscreen.obj
c:\users\justin\downloads\torcs-1.3.6\src\libs\client\release\fileselect.obj
c:\users\justin\downloads\torcs-1.3.6\src\libs\client\release\driverselect.obj
c:\users\justin\downloads\torcs-1.3.6\src\libs\client\release\carsetupscreen.obj
c:\users\justin\downloads\torcs-1.3.6\src\libs\client\release\splash.obj
c:\users\justin\downloads\torcs-1.3.6\src\libs\client\release\optionmenu.obj
c:\users\justin\downloads\torcs-1.3.6\src\libs\client\release\mainmenu.obj
c:\users\justin\downloads\torcs-1.3.6\src\libs\client\release\exitmenu.obj
c:\users\justin\downloads\torcs-1.3.6\src\libs\client\release\errno.obj
c:\users\justin\downloads\torcs-1.3.6\src\libs\client\release\entry.obj
c:\users\justin\downloads\torcs-1.3.6\src\libs\client\release\tgfclient.obj
c:\users\justin\downloads\torcs-1.3.6\src\libs\client\release\screen.obj
c:\users\justin\downloads\torcs-1.3.6\src\libs\client\release\img.obj
c:\users\justin\downloads\torcs-1.3.6\src\libs\client\release\guiscrollist.obj
c:\users\justin\downloads\torcs-1.3.6\src\libs\client\release\guiscrollbar.obj
c:\users\justin\downloads\torcs-1.3.6\src\libs\client\release\client.lib
c:\users\justin\downloads\torcs-1.3.6\src\libs\client\release\client.exp
c:\users\justin\downloads\torcs-1.3.6\src\libs\client\release\client.dll
c:\users\justin\downloads\torcs-1.3.6\src\libs\client\.\release\client.dll
c:\users\justin\downloads\torcs-1.3.6\src\libs\client\release\client.tlog\cl.command.1.tlog
c:\users\justin\downloads\torcs-1.3.6\src\libs\client\release\client.tlog\cl.read.1.tlog
c:\users\justin\downloads\torcs-1.3.6\src\libs\client\release\client.tlog\cl.write.1.tlog
c:\users\justin\downloads\torcs-1.3.6\src\libs\client\release\client.tlog\client.write.1u.tlog
c:\users\justin\downloads\torcs-1.3.6\src\libs\client\release\client.tlog\link.command.1.tlog
c:\users\justin\downloads\torcs-1.3.6\src\libs\client\release\client.tlog\link.read.1.tlog
c:\users\justin\downloads\torcs-1.3.6\src\libs\client\release\client.tlog\link.write.1.tlog
