Build started 5/30/2015 4:09:23 PM.
     1>Project "C:\Users\Justin\Downloads\torcs-1.3.6\src\tools\trackgen\trackgen.vcxproj" on node 5 (Build target(s)).
     1>ClCompile:
         C:\Program Files (x86)\Microsoft Visual Studio 12.0\VC\bin\CL.exe /c /I../../../export/include /I../../windows/include /I../../.. /Zi /nologo /W2 /WX- /Od /Oy- /D WIN32 /D _DEBUG /D _CONSOLE /D _VC80_UPGRADE=0x0600 /D _MBCS /Gm- /EHsc /RTC1 /MTd /GS /Gy- /fp:precise /Zc:wchar_t /Zc:forScope /Fo".\Debug\\" /Fd".\Debug\vc120.pdb" /FR".\Debug\\" /Gd /TP /analyze- /errorReport:prompt ..\..\windows\windowsspec.cpp easymesh.cpp elevation.cpp maintrackgen.cpp objects.cpp raceline.cpp track.cpp util.cpp
         windowsspec.cpp
         easymesh.cpp
         elevation.cpp
         maintrackgen.cpp
         objects.cpp
         raceline.cpp
         track.cpp
         util.cpp
         Generating Code...
       Link:
         C:\Program Files (x86)\Microsoft Visual Studio 12.0\VC\bin\link.exe /ERRORREPORT:PROMPT /OUT:".\Debug\trackgen.exe" /INCREMENTAL /NOLOGO /LIBPATH:../../../export/libd /LIBPATH:../../windows/lib sl.lib client.lib robottools.lib sg.lib ssg.lib ssggraphlib.lib txml.lib ul.lib libpng15_vs6static.lib tgf.lib kernel32.lib user32.lib gdi32.lib winspool.lib comdlg32.lib advapi32.lib shell32.lib ole32.lib oleaut32.lib uuid.lib odbc32.lib odbccp32.lib /NODEFAULTLIB:LIBCMT /MANIFEST /MANIFESTUAC:"level='asInvoker' uiAccess='false'" /manifest:embed /DEBUG /PDB:".\Debug\trackgen.pdb" /SUBSYSTEM:CONSOLE /TLBID:1 /DYNAMICBASE /NXCOMPAT /IMPLIB:".\Debug\trackgen.lib" /MACHINE:X86 /SAFESEH .\Debug\windowsspec.obj
         .\Debug\ac3d.obj
         .\Debug\easymesh.obj
         .\Debug\elevation.obj
         .\Debug\maintrackgen.obj
         .\Debug\objects.obj
         .\Debug\raceline.obj
         .\Debug\relief.obj
         .\Debug\track.obj
         .\Debug\util.obj
         "C:\Users\Justin\Downloads\torcs-1.3.6\src\libs\client\Debug\client.lib"
     1>LINK : fatal error LNK1104: cannot open file 'client.lib'
     1>Done Building Project "C:\Users\Justin\Downloads\torcs-1.3.6\src\tools\trackgen\trackgen.vcxproj" (Build target(s)) -- FAILED.

Build FAILED.

Time Elapsed 00:00:13.03
