c:\users\justin\downloads\torcs-1.3.6\src\tools\trackgen\debug\vc120.pdb
c:\users\justin\downloads\torcs-1.3.6\src\tools\trackgen\debug\ac3d.sbr
c:\users\justin\downloads\torcs-1.3.6\src\tools\trackgen\debug\easymesh.sbr
c:\users\justin\downloads\torcs-1.3.6\src\tools\trackgen\debug\elevation.sbr
c:\users\justin\downloads\torcs-1.3.6\src\tools\trackgen\debug\maintrackgen.sbr
c:\users\justin\downloads\torcs-1.3.6\src\tools\trackgen\debug\objects.sbr
c:\users\justin\downloads\torcs-1.3.6\src\tools\trackgen\debug\raceline.sbr
c:\users\justin\downloads\torcs-1.3.6\src\tools\trackgen\debug\relief.sbr
c:\users\justin\downloads\torcs-1.3.6\src\tools\trackgen\debug\track.sbr
c:\users\justin\downloads\torcs-1.3.6\src\tools\trackgen\debug\util.sbr
c:\users\justin\downloads\torcs-1.3.6\src\tools\trackgen\debug\relief.nativecodeanalysis.xml
c:\users\justin\downloads\torcs-1.3.6\src\tools\trackgen\debug\raceline.nativecodeanalysis.xml
c:\users\justin\downloads\torcs-1.3.6\src\tools\trackgen\debug\ac3d.nativecodeanalysis.xml
c:\users\justin\downloads\torcs-1.3.6\src\tools\trackgen\debug\ac3d.obj
c:\users\justin\downloads\torcs-1.3.6\src\tools\trackgen\debug\raceline.obj
c:\users\justin\downloads\torcs-1.3.6\src\tools\trackgen\debug\relief.obj
c:\users\justin\downloads\torcs-1.3.6\src\tools\trackgen\debug\
c:\users\justin\downloads\torcs-1.3.6\src\tools\trackgen\debug\trackgen.tlog\cl.command.1.tlog
c:\users\justin\downloads\torcs-1.3.6\src\tools\trackgen\debug\trackgen.tlog\cl.read.1.tlog
c:\users\justin\downloads\torcs-1.3.6\src\tools\trackgen\debug\trackgen.tlog\cl.write.1.tlog
