Build started 6/17/2015 11:25:12 PM.
     1>Project "C:\Users\Justin\Downloads\torcs-1.3.6\src\windows\wtorcs.vcxproj" on node 4 (Build target(s)).
     1>Link:
         wtorcs.vcxproj -> C:\Users\Justin\Downloads\torcs-1.3.6\src\windows\.\Release\wtorcs.exe
       PostBuildEvent:
         copy C:\Users\Justin\Downloads\torcs-1.3.6\src\windows\Release\wtorcs.exe C:\Users\Justin\Downloads\torcs-1.3.6\runtime
         copy dll\glut32.dll C:\Users\Justin\Downloads\torcs-1.3.6\runtime
         copy dll\OpenAL32.dll C:\Users\Justin\Downloads\torcs-1.3.6\runtime
         copy dll\libogg.dll C:\Users\Justin\Downloads\torcs-1.3.6\runtime
         copy dll\libvorbis.dll C:\Users\Justin\Downloads\torcs-1.3.6\runtime
         copy dll\libvorbisfile.dll C:\Users\Justin\Downloads\torcs-1.3.6\runtime
         :VCEnd
                 1 file(s) copied.
                 1 file(s) copied.
                 1 file(s) copied.
                 1 file(s) copied.
                 1 file(s) copied.
                 1 file(s) copied.
     1>Done Building Project "C:\Users\Justin\Downloads\torcs-1.3.6\src\windows\wtorcs.vcxproj" (Build target(s)).

Build succeeded.

Time Elapsed 00:00:00.50
