Build started 6/13/2015 10:48:40 PM.
     1>Project "C:\Users\Justin\Downloads\torcs-1.3.6\src\drivers\tita\tita.vcxproj" on node 5 (Build target(s)).
     1>Link:
         C:\Program Files (x86)\Microsoft Visual Studio 12.0\VC\bin\link.exe /ERRORREPORT:PROMPT /OUT:".\Release\tita.dll" /INCREMENTAL:NO /NOLOGO /LIBPATH:../../../export/lib /LIBPATH:../../windows/lib tgf.lib robottools.lib sg.lib ul.lib kernel32.lib user32.lib gdi32.lib winspool.lib comdlg32.lib advapi32.lib shell32.lib ole32.lib oleaut32.lib uuid.lib odbc32.lib odbccp32.lib /DEF:".\tita.def" /MANIFEST /MANIFESTUAC:"level='asInvoker' uiAccess='false'" /manifest:embed /PDB:".\Release\tita.pdb" /SUBSYSTEM:CONSOLE /TLBID:1 /DYNAMICBASE /NXCOMPAT /IMPLIB:".\Release\tita.lib" /MACHINE:X86 /SAFESEH:NO /DLL .\Release\mycar.obj
         .\Release\pathfinder.obj
         .\Release\spline.obj
         .\Release\tita.obj
         .\Release\trackdesc.obj
         "C:\Users\Justin\Downloads\torcs-1.3.6\src\libs\robottools\Release\robottools.lib"
         "C:\Users\Justin\Downloads\torcs-1.3.6\src\libs\tgf\Release\tgf.lib"
            Creating library .\Release\tita.lib and object .\Release\tita.exp
         tita.vcxproj -> C:\Users\Justin\Downloads\torcs-1.3.6\src\drivers\tita\.\Release\tita.dll
       PostBuildEvent:
         copy C:\Users\Justin\Downloads\torcs-1.3.6\src\drivers\tita\Release\*.dll C:\Users\Justin\Downloads\torcs-1.3.6\runtime\drivers\tita
         :VCEnd
         C:\Users\Justin\Downloads\torcs-1.3.6\src\drivers\tita\Release\tita.dll
                 1 file(s) copied.
     1>Done Building Project "C:\Users\Justin\Downloads\torcs-1.3.6\src\drivers\tita\tita.vcxproj" (Build target(s)).

Build succeeded.

Time Elapsed 00:00:00.80
