c:\users\justin\downloads\torcs-1.3.6\src\drivers\bt\debug\vc120.pdb
c:\users\justin\downloads\torcs-1.3.6\src\drivers\bt\debug\bt.sbr
c:\users\justin\downloads\torcs-1.3.6\src\drivers\bt\debug\cardata.sbr
c:\users\justin\downloads\torcs-1.3.6\src\drivers\bt\debug\driver.sbr
c:\users\justin\downloads\torcs-1.3.6\src\drivers\bt\debug\learn.sbr
c:\users\justin\downloads\torcs-1.3.6\src\drivers\bt\debug\opponent.sbr
c:\users\justin\downloads\torcs-1.3.6\src\drivers\bt\debug\pit.sbr
c:\users\justin\downloads\torcs-1.3.6\src\drivers\bt\debug\spline.sbr
c:\users\justin\downloads\torcs-1.3.6\src\drivers\bt\debug\strategy.sbr
c:\users\justin\downloads\torcs-1.3.6\src\drivers\bt\debug\strategy.nativecodeanalysis.xml
c:\users\justin\downloads\torcs-1.3.6\src\drivers\bt\debug\spline.nativecodeanalysis.xml
c:\users\justin\downloads\torcs-1.3.6\src\drivers\bt\debug\pit.nativecodeanalysis.xml
c:\users\justin\downloads\torcs-1.3.6\src\drivers\bt\debug\opponent.nativecodeanalysis.xml
c:\users\justin\downloads\torcs-1.3.6\src\drivers\bt\debug\cardata.nativecodeanalysis.xml
c:\users\justin\downloads\torcs-1.3.6\src\drivers\bt\debug\bt.nativecodeanalysis.xml
c:\users\justin\downloads\torcs-1.3.6\src\drivers\bt\debug\bt.obj
c:\users\justin\downloads\torcs-1.3.6\src\drivers\bt\debug\cardata.obj
c:\users\justin\downloads\torcs-1.3.6\src\drivers\bt\debug\opponent.obj
c:\users\justin\downloads\torcs-1.3.6\src\drivers\bt\debug\pit.obj
c:\users\justin\downloads\torcs-1.3.6\src\drivers\bt\debug\spline.obj
c:\users\justin\downloads\torcs-1.3.6\src\drivers\bt\debug\strategy.obj
c:\users\justin\downloads\torcs-1.3.6\src\drivers\bt\debug\
c:\users\justin\downloads\torcs-1.3.6\src\drivers\bt\debug\bt.tlog\cl.command.1.tlog
c:\users\justin\downloads\torcs-1.3.6\src\drivers\bt\debug\bt.tlog\cl.read.1.tlog
c:\users\justin\downloads\torcs-1.3.6\src\drivers\bt\debug\bt.tlog\cl.write.1.tlog
