Build started 6/17/2015 11:00:26 PM.
     1>Project "C:\Users\Justin\Downloads\torcs-1.3.6\src\tools\trackgen\trackgen.vcxproj" on node 5 (Build target(s)).
     1>Link:
         C:\Program Files (x86)\Microsoft Visual Studio 12.0\VC\bin\link.exe /ERRORREPORT:PROMPT /OUT:".\Release\trackgen.exe" /INCREMENTAL:NO /NOLOGO /LIBPATH:../../../export/lib /LIBPATH:../../windows/lib sl.lib client.lib robottools.lib sg.lib ssg.lib ssggraphlib.lib txml.lib ul.lib libpng15_vs6static.lib tgf.lib kernel32.lib user32.lib gdi32.lib winspool.lib comdlg32.lib advapi32.lib shell32.lib ole32.lib oleaut32.lib uuid.lib odbc32.lib odbccp32.lib /MANIFEST /MANIFESTUAC:"level='asInvoker' uiAccess='false'" /manifest:embed /PDB:".\Release\trackgen.pdb" /SUBSYSTEM:CONSOLE /TLBID:1 /DYNAMICBASE /NXCOMPAT /IMPLIB:".\Release\trackgen.lib" /MACHINE:X86 /SAFESEH:NO .\Release\windowsspec.obj
         .\Release\ac3d.obj
         .\Release\easymesh.obj
         .\Release\elevation.obj
         .\Release\maintrackgen.obj
         .\Release\objects.obj
         .\Release\raceline.obj
         .\Release\relief.obj
         .\Release\track.obj
         .\Release\util.obj
         "C:\Users\Justin\Downloads\torcs-1.3.6\src\libs\client\Release\client.lib"
         trackgen.vcxproj -> C:\Users\Justin\Downloads\torcs-1.3.6\src\tools\trackgen\.\Release\trackgen.exe
       PostBuildEvent:
         copy C:\Users\Justin\Downloads\torcs-1.3.6\src\tools\trackgen\Release\trackgen.exe C:\Users\Justin\Downloads\torcs-1.3.6\runtime
         :VCEnd
                 1 file(s) copied.
     1>Done Building Project "C:\Users\Justin\Downloads\torcs-1.3.6\src\tools\trackgen\trackgen.vcxproj" (Build target(s)).

Build succeeded.

Time Elapsed 00:00:01.75
