Build started 6/2/2015 11:21:40 PM.
     1>Project "C:\Users\Justin\Downloads\torcs-1.3.6\src\libs\robottools\robottools.vcxproj" on node 2 (Rebuild target(s)).
     1>ClCompile:
         C:\Program Files (x86)\Microsoft Visual Studio 12.0\VC\bin\CL.exe /c /I../../../export/include /I../../windows/include /I../../.. /Zi /nologo /W2 /WX- /O2 /Ob2 /Oy- /D WIN32 /D NDEBUG /D _WINDOWS /D _USRDLL /D ROBOTTOOLS_EXPORTS /D _VC80_UPGRADE=0x0600 /D _WINDLL /D _MBCS /GF /Gm- /EHsc /MT /GS /Gy /fp:precise /Zc:wchar_t /Zc:forScope /Fo".\Release\\" /Fd".\Release\vc120.pdb" /Gd /TP /analyze- /errorReport:prompt rttelem.cpp rttrack.cpp
         rttelem.cpp
         rttrack.cpp
         Generating Code...
       Link:
         C:\Program Files (x86)\Microsoft Visual Studio 12.0\VC\bin\link.exe /ERRORREPORT:PROMPT /OUT:".\Release\robottools.dll" /INCREMENTAL:NO /NOLOGO /LIBPATH:../../../export/lib /LIBPATH:../../windows/lib tgf.lib sg.lib ul.lib kernel32.lib user32.lib gdi32.lib winspool.lib comdlg32.lib advapi32.lib shell32.lib ole32.lib oleaut32.lib uuid.lib odbc32.lib odbccp32.lib /DEF:".\robotools.def" /MANIFEST /MANIFESTUAC:"level='asInvoker' uiAccess='false'" /manifest:embed /PDB:".\Release\robottools.pdb" /SUBSYSTEM:CONSOLE /TLBID:1 /DYNAMICBASE /NXCOMPAT /IMPLIB:".\Release\robottools.lib" /MACHINE:X86 /SAFESEH:NO /DLL .\Release\rttelem.obj
         .\Release\rttrack.obj
         "C:\Users\Justin\Downloads\torcs-1.3.6\src\libs\tgf\Release\tgf.lib"
            Creating library .\Release\robottools.lib and object .\Release\robottools.exp
         robottools.vcxproj -> C:\Users\Justin\Downloads\torcs-1.3.6\src\libs\robottools\.\Release\robottools.dll
       PostBuildEvent:
         copy C:\Users\Justin\Downloads\torcs-1.3.6\src\libs\robottools\Release\*.dll C:\Users\Justin\Downloads\torcs-1.3.6\runtime
         copy C:\Users\Justin\Downloads\torcs-1.3.6\src\libs\robottools\Release\*.lib C:\Users\Justin\Downloads\torcs-1.3.6\export\lib
         :VCEnd
         C:\Users\Justin\Downloads\torcs-1.3.6\src\libs\robottools\Release\robottools.dll
         The process cannot access the file because it is being used by another process.
                 0 file(s) copied.
         C:\Users\Justin\Downloads\torcs-1.3.6\src\libs\robottools\Release\robottools.lib
                 1 file(s) copied.
     1>Done Building Project "C:\Users\Justin\Downloads\torcs-1.3.6\src\libs\robottools\robottools.vcxproj" (Rebuild target(s)).

Build succeeded.

Time Elapsed 00:00:04.20
