Build started 6/13/2015 10:48:40 PM.
     1>Project "C:\Users\Justin\Downloads\torcs-1.3.6\src\modules\track\track.vcxproj" on node 2 (Build target(s)).
     1>Link:
         C:\Program Files (x86)\Microsoft Visual Studio 12.0\VC\bin\link.exe /ERRORREPORT:PROMPT /OUT:".\Release\track.dll" /INCREMENTAL:NO /NOLOGO /LIBPATH:../../../export/lib /LIBPATH:../../windows/lib sg.lib tgf.lib robottools.lib txml.lib ssg.lib ul.lib kernel32.lib user32.lib gdi32.lib winspool.lib comdlg32.lib advapi32.lib shell32.lib ole32.lib oleaut32.lib uuid.lib odbc32.lib odbccp32.lib /DEF:".\track.def" /MANIFEST /MANIFESTUAC:"level='asInvoker' uiAccess='false'" /manifest:embed /PDB:".\Release\track.pdb" /SUBSYSTEM:CONSOLE /TLBID:1 /DYNAMICBASE /NXCOMPAT /IMPLIB:".\Release\track.lib" /MACHINE:X86 /SAFESEH:NO /DLL .\Release\track.obj
         .\Release\track3.obj
         .\Release\track4.obj
         .\Release\trackitf.obj
         .\Release\trackutil.obj
         "C:\Users\Justin\Downloads\torcs-1.3.6\src\libs\robottools\Release\robottools.lib"
         "C:\Users\Justin\Downloads\torcs-1.3.6\src\libs\tgf\Release\tgf.lib"
            Creating library .\Release\track.lib and object .\Release\track.exp
         track.vcxproj -> C:\Users\Justin\Downloads\torcs-1.3.6\src\modules\track\.\Release\track.dll
       PostBuildEvent:
         copy C:\Users\Justin\Downloads\torcs-1.3.6\src\modules\track\Release\*.dll C:\Users\Justin\Downloads\torcs-1.3.6\runtime\modules\track
         :VCEnd
         C:\Users\Justin\Downloads\torcs-1.3.6\src\modules\track\Release\track.dll
                 1 file(s) copied.
     1>Done Building Project "C:\Users\Justin\Downloads\torcs-1.3.6\src\modules\track\track.vcxproj" (Build target(s)).

Build succeeded.

Time Elapsed 00:00:00.74
