c:\users\justin\downloads\torcs-1.3.6\src\libs\txml\debug\vc120.pdb
c:\users\justin\downloads\torcs-1.3.6\src\libs\txml\debug\dllmain.sbr
c:\users\justin\downloads\torcs-1.3.6\src\libs\txml\debug\gennmtab.sbr
c:\users\justin\downloads\torcs-1.3.6\src\libs\txml\debug\hashtable.sbr
c:\users\justin\downloads\torcs-1.3.6\src\libs\txml\debug\xmlparse.sbr
c:\users\justin\downloads\torcs-1.3.6\src\libs\txml\debug\xmlrole.sbr
c:\users\justin\downloads\torcs-1.3.6\src\libs\txml\debug\xmltok.sbr
c:\users\justin\downloads\torcs-1.3.6\src\libs\txml\debug\xmltok.nativecodeanalysis.xml
c:\users\justin\downloads\torcs-1.3.6\src\libs\txml\debug\xmlrole.nativecodeanalysis.xml
c:\users\justin\downloads\torcs-1.3.6\src\libs\txml\debug\xmlparse.nativecodeanalysis.xml
c:\users\justin\downloads\torcs-1.3.6\src\libs\txml\debug\hashtable.nativecodeanalysis.xml
c:\users\justin\downloads\torcs-1.3.6\src\libs\txml\debug\gennmtab.nativecodeanalysis.xml
c:\users\justin\downloads\torcs-1.3.6\src\libs\txml\debug\dllmain.nativecodeanalysis.xml
c:\users\justin\downloads\torcs-1.3.6\src\libs\txml\debug\dllmain.obj
c:\users\justin\downloads\torcs-1.3.6\src\libs\txml\debug\gennmtab.obj
c:\users\justin\downloads\torcs-1.3.6\src\libs\txml\debug\hashtable.obj
c:\users\justin\downloads\torcs-1.3.6\src\libs\txml\debug\xmlparse.obj
c:\users\justin\downloads\torcs-1.3.6\src\libs\txml\debug\xmlrole.obj
c:\users\justin\downloads\torcs-1.3.6\src\libs\txml\debug\xmltok.obj
c:\users\justin\downloads\torcs-1.3.6\src\libs\txml\debug\xml.sbr
c:\users\justin\downloads\torcs-1.3.6\src\libs\txml\debug\txml.tlog\cl.command.1.tlog
c:\users\justin\downloads\torcs-1.3.6\src\libs\txml\debug\txml.tlog\cl.read.1.tlog
c:\users\justin\downloads\torcs-1.3.6\src\libs\txml\debug\txml.tlog\cl.write.1.tlog
