Build started 6/13/2015 10:48:39 PM.
     1>Project "C:\Users\Justin\Downloads\torcs-1.3.6\src\drivers\olethros\olethros.vcxproj" on node 3 (Build target(s)).
     1>Link:
         C:\Program Files (x86)\Microsoft Visual Studio 12.0\VC\bin\link.exe /ERRORREPORT:PROMPT /OUT:".\Release\olethros.dll" /INCREMENTAL:NO /NOLOGO /LIBPATH:../../../export/lib /LIBPATH:../../windows/lib learning.lib tgf.lib robottools.lib sg.lib ul.lib kernel32.lib user32.lib gdi32.lib winspool.lib comdlg32.lib advapi32.lib shell32.lib ole32.lib oleaut32.lib uuid.lib odbc32.lib odbccp32.lib /DEF:".\olethros.def" /MANIFEST /MANIFESTUAC:"level='asInvoker' uiAccess='false'" /manifest:embed /PDB:".\Release\olethros.pdb" /SUBSYSTEM:CONSOLE /TLBID:1 /DYNAMICBASE /NXCOMPAT /IMPLIB:".\Release\olethros.lib" /MACHINE:X86 /SAFESEH:NO /DLL .\Release\cardata.obj
         .\Release\driver.obj
         .\Release\geometry.obj
         .\Release\learn.obj
         .\Release\olethros.obj
         .\Release\opponent.obj
         .\Release\pit.obj
         .\Release\spline.obj
         .\Release\strategy.obj
         .\Release\TrackData.obj
         .\Release\Trajectory.obj
         "C:\Users\Justin\Downloads\torcs-1.3.6\src\libs\learning\Release\learning.lib"
         "C:\Users\Justin\Downloads\torcs-1.3.6\src\libs\robottools\Release\robottools.lib"
         "C:\Users\Justin\Downloads\torcs-1.3.6\src\libs\tgf\Release\tgf.lib"
            Creating library .\Release\olethros.lib and object .\Release\olethros.exp
         olethros.vcxproj -> C:\Users\Justin\Downloads\torcs-1.3.6\src\drivers\olethros\.\Release\olethros.dll
       PostBuildEvent:
         copy C:\Users\Justin\Downloads\torcs-1.3.6\src\drivers\olethros\Release\*.dll C:\Users\Justin\Downloads\torcs-1.3.6\runtime\drivers\olethros
         :VCEnd
         C:\Users\Justin\Downloads\torcs-1.3.6\src\drivers\olethros\Release\olethros.dll
                 1 file(s) copied.
     1>Done Building Project "C:\Users\Justin\Downloads\torcs-1.3.6\src\drivers\olethros\olethros.vcxproj" (Build target(s)).

Build succeeded.

Time Elapsed 00:00:01.55
