c:\users\justin\downloads\torcs-1.3.6\src\drivers\olethros\release\vc120.pdb
c:\users\justin\downloads\torcs-1.3.6\src\drivers\olethros\release\trajectory.obj
c:\users\justin\downloads\torcs-1.3.6\src\drivers\olethros\release\trackdata.obj
c:\users\justin\downloads\torcs-1.3.6\src\drivers\olethros\release\strategy.obj
c:\users\justin\downloads\torcs-1.3.6\src\drivers\olethros\release\spline.obj
c:\users\justin\downloads\torcs-1.3.6\src\drivers\olethros\release\pit.obj
c:\users\justin\downloads\torcs-1.3.6\src\drivers\olethros\release\opponent.obj
c:\users\justin\downloads\torcs-1.3.6\src\drivers\olethros\release\olethros.obj
c:\users\justin\downloads\torcs-1.3.6\src\drivers\olethros\release\learn.obj
c:\users\justin\downloads\torcs-1.3.6\src\drivers\olethros\release\geometry.obj
c:\users\justin\downloads\torcs-1.3.6\src\drivers\olethros\release\driver.obj
c:\users\justin\downloads\torcs-1.3.6\src\drivers\olethros\release\cardata.obj
c:\users\justin\downloads\torcs-1.3.6\src\drivers\olethros\release\olethros.dll
c:\users\justin\downloads\torcs-1.3.6\src\drivers\olethros\release\olethros.lib
c:\users\justin\downloads\torcs-1.3.6\src\drivers\olethros\release\olethros.exp
c:\users\justin\downloads\torcs-1.3.6\src\drivers\olethros\.\release\olethros.dll
c:\users\justin\downloads\torcs-1.3.6\src\drivers\olethros\release\olethros.tlog\cl.command.1.tlog
c:\users\justin\downloads\torcs-1.3.6\src\drivers\olethros\release\olethros.tlog\cl.read.1.tlog
c:\users\justin\downloads\torcs-1.3.6\src\drivers\olethros\release\olethros.tlog\cl.write.1.tlog
c:\users\justin\downloads\torcs-1.3.6\src\drivers\olethros\release\olethros.tlog\link.command.1.tlog
c:\users\justin\downloads\torcs-1.3.6\src\drivers\olethros\release\olethros.tlog\link.read.1.tlog
c:\users\justin\downloads\torcs-1.3.6\src\drivers\olethros\release\olethros.tlog\link.write.1.tlog
c:\users\justin\downloads\torcs-1.3.6\src\drivers\olethros\release\olethros.tlog\olethros.write.1u.tlog
