c:\users\justin\downloads\torcs-1.3.6\src\libs\client\debug\vc120.pdb
c:\users\justin\downloads\torcs-1.3.6\src\libs\client\debug\controlconfig.sbr
c:\users\justin\downloads\torcs-1.3.6\src\libs\client\debug\driverconfig.sbr
c:\users\justin\downloads\torcs-1.3.6\src\libs\client\debug\graphconfig.sbr
c:\users\justin\downloads\torcs-1.3.6\src\libs\client\debug\joystickconfig.sbr
c:\users\justin\downloads\torcs-1.3.6\src\libs\client\debug\mouseconfig.sbr
c:\users\justin\downloads\torcs-1.3.6\src\libs\client\debug\openglconfig.sbr
c:\users\justin\downloads\torcs-1.3.6\src\libs\client\debug\simuconfig.sbr
c:\users\justin\downloads\torcs-1.3.6\src\libs\client\debug\soundconfig.sbr
c:\users\justin\downloads\torcs-1.3.6\src\libs\client\debug\musicplayer.sbr
c:\users\justin\downloads\torcs-1.3.6\src\libs\client\debug\oggsoundstream.sbr
c:\users\justin\downloads\torcs-1.3.6\src\libs\client\debug\openalmusicplayer.sbr
c:\users\justin\downloads\torcs-1.3.6\src\libs\client\debug\soundstream.sbr
c:\users\justin\downloads\torcs-1.3.6\src\libs\client\debug\raceengine.sbr
c:\users\justin\downloads\torcs-1.3.6\src\libs\client\debug\racegl.sbr
c:\users\justin\downloads\torcs-1.3.6\src\libs\client\debug\raceinit.sbr
c:\users\justin\downloads\torcs-1.3.6\src\libs\client\debug\racemain.sbr
c:\users\justin\downloads\torcs-1.3.6\src\libs\client\debug\racemanmenu.sbr
c:\users\justin\downloads\torcs-1.3.6\src\libs\client\debug\raceresults.sbr
c:\users\justin\downloads\torcs-1.3.6\src\libs\client\debug\racestate.sbr
c:\users\justin\downloads\torcs-1.3.6\src\libs\client\debug\singleplayer.sbr
c:\users\justin\downloads\torcs-1.3.6\src\libs\client\debug\singleplayer.nativecodeanalysis.xml
c:\users\justin\downloads\torcs-1.3.6\src\libs\client\debug\racestate.nativecodeanalysis.xml
c:\users\justin\downloads\torcs-1.3.6\src\libs\client\debug\racegl.nativecodeanalysis.xml
c:\users\justin\downloads\torcs-1.3.6\src\libs\client\debug\soundstream.nativecodeanalysis.xml
c:\users\justin\downloads\torcs-1.3.6\src\libs\client\debug\openalmusicplayer.nativecodeanalysis.xml
c:\users\justin\downloads\torcs-1.3.6\src\libs\client\debug\oggsoundstream.nativecodeanalysis.xml
c:\users\justin\downloads\torcs-1.3.6\src\libs\client\debug\mouseconfig.nativecodeanalysis.xml
c:\users\justin\downloads\torcs-1.3.6\src\libs\client\debug\mouseconfig.obj
c:\users\justin\downloads\torcs-1.3.6\src\libs\client\debug\oggsoundstream.obj
c:\users\justin\downloads\torcs-1.3.6\src\libs\client\debug\openalmusicplayer.obj
c:\users\justin\downloads\torcs-1.3.6\src\libs\client\debug\soundstream.obj
c:\users\justin\downloads\torcs-1.3.6\src\libs\client\debug\racegl.obj
c:\users\justin\downloads\torcs-1.3.6\src\libs\client\debug\racestate.obj
c:\users\justin\downloads\torcs-1.3.6\src\libs\client\debug\singleplayer.obj
c:\users\justin\downloads\torcs-1.3.6\src\libs\client\debug\carsetupscreen.sbr
c:\users\justin\downloads\torcs-1.3.6\src\libs\client\debug\driverselect.sbr
c:\users\justin\downloads\torcs-1.3.6\src\libs\client\debug\fileselect.sbr
c:\users\justin\downloads\torcs-1.3.6\src\libs\client\debug\loadingscreen.sbr
c:\users\justin\downloads\torcs-1.3.6\src\libs\client\debug\miscscreens.sbr
c:\users\justin\downloads\torcs-1.3.6\src\libs\client\debug\pitmenu.sbr
c:\users\justin\downloads\torcs-1.3.6\src\libs\client\debug\racemenu.sbr
c:\users\justin\downloads\torcs-1.3.6\src\libs\client\debug\results.sbr
c:\users\justin\downloads\torcs-1.3.6\src\libs\client\debug\trackselect.sbr
c:\users\justin\downloads\torcs-1.3.6\src\libs\client\debug\control.sbr
c:\users\justin\downloads\torcs-1.3.6\src\libs\client\debug\glfeatures.sbr
c:\users\justin\downloads\torcs-1.3.6\src\libs\client\debug\gui.sbr
c:\users\justin\downloads\torcs-1.3.6\src\libs\client\debug\guibutton.sbr
c:\users\justin\downloads\torcs-1.3.6\src\libs\client\debug\guiedit.sbr
c:\users\justin\downloads\torcs-1.3.6\src\libs\client\debug\guifont.sbr
c:\users\justin\downloads\torcs-1.3.6\src\libs\client\debug\guihelp.sbr
c:\users\justin\downloads\torcs-1.3.6\src\libs\client\debug\guiimage.sbr
c:\users\justin\downloads\torcs-1.3.6\src\libs\client\debug\guilabel.sbr
c:\users\justin\downloads\torcs-1.3.6\src\libs\client\debug\guimenu.sbr
c:\users\justin\downloads\torcs-1.3.6\src\libs\client\debug\guiobject.sbr
c:\users\justin\downloads\torcs-1.3.6\src\libs\client\debug\guiobject.nativecodeanalysis.xml
c:\users\justin\downloads\torcs-1.3.6\src\libs\client\debug\guimenu.nativecodeanalysis.xml
c:\users\justin\downloads\torcs-1.3.6\src\libs\client\debug\guilabel.nativecodeanalysis.xml
c:\users\justin\downloads\torcs-1.3.6\src\libs\client\debug\guiimage.nativecodeanalysis.xml
c:\users\justin\downloads\torcs-1.3.6\src\libs\client\debug\guihelp.nativecodeanalysis.xml
c:\users\justin\downloads\torcs-1.3.6\src\libs\client\debug\guiedit.nativecodeanalysis.xml
c:\users\justin\downloads\torcs-1.3.6\src\libs\client\debug\guibutton.nativecodeanalysis.xml
c:\users\justin\downloads\torcs-1.3.6\src\libs\client\debug\loadingscreen.nativecodeanalysis.xml
c:\users\justin\downloads\torcs-1.3.6\src\libs\client\debug\fileselect.nativecodeanalysis.xml
c:\users\justin\downloads\torcs-1.3.6\src\libs\client\debug\fileselect.obj
c:\users\justin\downloads\torcs-1.3.6\src\libs\client\debug\loadingscreen.obj
c:\users\justin\downloads\torcs-1.3.6\src\libs\client\debug\guibutton.obj
c:\users\justin\downloads\torcs-1.3.6\src\libs\client\debug\guiedit.obj
c:\users\justin\downloads\torcs-1.3.6\src\libs\client\debug\guihelp.obj
c:\users\justin\downloads\torcs-1.3.6\src\libs\client\debug\guiimage.obj
c:\users\justin\downloads\torcs-1.3.6\src\libs\client\debug\guilabel.obj
c:\users\justin\downloads\torcs-1.3.6\src\libs\client\debug\guimenu.obj
c:\users\justin\downloads\torcs-1.3.6\src\libs\client\debug\guiobject.obj
c:\users\justin\downloads\torcs-1.3.6\src\libs\client\debug\guiscrollbar.sbr
c:\users\justin\downloads\torcs-1.3.6\src\libs\client\debug\guiscrollist.sbr
c:\users\justin\downloads\torcs-1.3.6\src\libs\client\debug\img.sbr
c:\users\justin\downloads\torcs-1.3.6\src\libs\client\debug\screen.sbr
c:\users\justin\downloads\torcs-1.3.6\src\libs\client\debug\tgfclient.sbr
c:\users\justin\downloads\torcs-1.3.6\src\libs\client\debug\entry.sbr
c:\users\justin\downloads\torcs-1.3.6\src\libs\client\debug\exitmenu.sbr
c:\users\justin\downloads\torcs-1.3.6\src\libs\client\debug\mainmenu.sbr
c:\users\justin\downloads\torcs-1.3.6\src\libs\client\debug\optionmenu.sbr
c:\users\justin\downloads\torcs-1.3.6\src\libs\client\debug\splash.sbr
c:\users\justin\downloads\torcs-1.3.6\src\libs\client\debug\optionmenu.nativecodeanalysis.xml
c:\users\justin\downloads\torcs-1.3.6\src\libs\client\debug\mainmenu.nativecodeanalysis.xml
c:\users\justin\downloads\torcs-1.3.6\src\libs\client\debug\exitmenu.nativecodeanalysis.xml
c:\users\justin\downloads\torcs-1.3.6\src\libs\client\debug\entry.nativecodeanalysis.xml
c:\users\justin\downloads\torcs-1.3.6\src\libs\client\debug\tgfclient.nativecodeanalysis.xml
c:\users\justin\downloads\torcs-1.3.6\src\libs\client\debug\guiscrollbar.nativecodeanalysis.xml
c:\users\justin\downloads\torcs-1.3.6\src\libs\client\debug\guiscrollbar.obj
c:\users\justin\downloads\torcs-1.3.6\src\libs\client\debug\tgfclient.obj
c:\users\justin\downloads\torcs-1.3.6\src\libs\client\debug\entry.obj
c:\users\justin\downloads\torcs-1.3.6\src\libs\client\debug\exitmenu.obj
c:\users\justin\downloads\torcs-1.3.6\src\libs\client\debug\mainmenu.obj
c:\users\justin\downloads\torcs-1.3.6\src\libs\client\debug\optionmenu.obj
c:\users\justin\downloads\torcs-1.3.6\src\libs\client\debug\
c:\users\justin\downloads\torcs-1.3.6\src\libs\client\debug\client.tlog\cl.command.1.tlog
c:\users\justin\downloads\torcs-1.3.6\src\libs\client\debug\client.tlog\cl.read.1.tlog
c:\users\justin\downloads\torcs-1.3.6\src\libs\client\debug\client.tlog\cl.write.1.tlog
