Build started 5/30/2015 4:08:35 PM.
     1>Project "C:\Users\Justin\Downloads\torcs-1.3.6\src\libs\client\client.vcxproj" on node 3 (Build target(s)).
     1>ClCompile:
         C:\Program Files (x86)\Microsoft Visual Studio 12.0\VC\bin\CL.exe /c /I../../../export/include /I../../windows/include /I../../interfaces /I../../.. /Zi /nologo /W2 /WX- /Od /Oy- /D WIN32 /D _DEBUG /D _WINDOWS /D _USRDLL /D CLIENT_EXPORTS /D DEBUG /D DEBUG_OUT /D _VC80_UPGRADE=0x0600 /D _WINDLL /D _MBCS /Gm- /EHsc /RTC1 /MTd /GS /Gy- /fp:precise /Zc:wchar_t /Zc:forScope /Fo".\Debug\\" /Fd".\Debug\vc120.pdb" /FR".\Debug\\" /Gd /TP /analyze- /errorReport:prompt ..\confscreens\controlconfig.cpp ..\confscreens\driverconfig.cpp ..\confscreens\graphconfig.cpp ..\confscreens\joystickconfig.cpp ..\confscreens\mouseconfig.cpp ..\confscreens\openglconfig.cpp ..\confscreens\simuconfig.cpp ..\confscreens\soundconfig.cpp ..\musicplayer\musicplayer.cpp ..\musicplayer\OggSoundStream.cpp ..\raceengineclient\raceengine.cpp ..\raceengineclient\racegl.cpp ..\raceengineclient\raceinit.cpp ..\raceengineclient\racemain.cpp ..\raceengineclient\racemanmenu.cpp ..\raceengineclient\raceresults.cpp ..\raceengineclient\racestate.cpp ..\racescreens\carsetupscreen.cpp ..\racescreens\driverselect.cpp ..\racescreens\fileselect.cpp ..\racescreens\miscscreens.cpp ..\racescreens\pitmenu.cpp ..\racescreens\racemenu.cpp ..\racescreens\results.cpp ..\racescreens\trackselect.cpp ..\tgfclient\control.cpp ..\tgfclient\glfeatures.cpp ..\tgfclient\gui.cpp ..\tgfclient\guifont.cpp ..\tgfclient\guiscrollist.cpp ..\tgfclient\img.cpp ..\tgfclient\screen.cpp errno.cpp splash.cpp
         controlconfig.cpp
         driverconfig.cpp
         graphconfig.cpp
         joystickconfig.cpp
         mouseconfig.cpp
         openglconfig.cpp
         simuconfig.cpp
         soundconfig.cpp
         musicplayer.cpp
         OggSoundStream.cpp
         raceengine.cpp
         racegl.cpp
         raceinit.cpp
         racemain.cpp
         racemanmenu.cpp
         raceresults.cpp
         racestate.cpp
         carsetupscreen.cpp
         driverselect.cpp
         fileselect.cpp
         Generating Code...
         Compiling...
         miscscreens.cpp
         pitmenu.cpp
         racemenu.cpp
         results.cpp
         trackselect.cpp
         control.cpp
         glfeatures.cpp
         gui.cpp
         guifont.cpp
         guiscrollist.cpp
         img.cpp
         screen.cpp
         errno.cpp
         splash.cpp
         Generating Code...
       Link:
         C:\Program Files (x86)\Microsoft Visual Studio 12.0\VC\bin\link.exe /ERRORREPORT:PROMPT /OUT:".\Debug\client.dll" /INCREMENTAL /NOLOGO /LIBPATH:../../../export/libd /LIBPATH:../../windows/lib txml.lib libpng15_vs6static.lib sg.lib ul.lib tgf.lib robottools.lib ssggraphlib.lib ssg.lib ssgAux.lib sl.lib OpenAL32.lib Alut.lib libogg.lib libvorbis.lib libvorbisfile.lib zlib1_vs6static.lib js.lib Advapi32.lib kernel32.lib user32.lib gdi32.lib winspool.lib comdlg32.lib advapi32.lib shell32.lib ole32.lib oleaut32.lib uuid.lib odbc32.lib odbccp32.lib /NODEFAULTLIB:LIBCMT /DEF:".\client.def" /MANIFEST /MANIFESTUAC:"level='asInvoker' uiAccess='false'" /manifest:embed /DEBUG /PDB:".\Debug\client.pdb" /SUBSYSTEM:CONSOLE /TLBID:1 /DYNAMICBASE /NXCOMPAT /IMPLIB:".\Debug\client.lib" /MACHINE:X86 /SAFESEH /DLL .\Debug\controlconfig.obj
         .\Debug\driverconfig.obj
         .\Debug\graphconfig.obj
         .\Debug\joystickconfig.obj
         .\Debug\mouseconfig.obj
         .\Debug\openglconfig.obj
         .\Debug\simuconfig.obj
         .\Debug\soundconfig.obj
         .\Debug\musicplayer.obj
         .\Debug\OggSoundStream.obj
         .\Debug\OpenALMusicPlayer.obj
         .\Debug\SoundStream.obj
         .\Debug\raceengine.obj
         .\Debug\racegl.obj
         .\Debug\raceinit.obj
         .\Debug\racemain.obj
         .\Debug\racemanmenu.obj
         .\Debug\raceresults.obj
         .\Debug\racestate.obj
         .\Debug\singleplayer.obj
         .\Debug\carsetupscreen.obj
         .\Debug\driverselect.obj
         .\Debug\fileselect.obj
         .\Debug\loadingscreen.obj
         .\Debug\miscscreens.obj
         .\Debug\pitmenu.obj
         .\Debug\racemenu.obj
         .\Debug\results.obj
         .\Debug\trackselect.obj
         .\Debug\control.obj
         .\Debug\glfeatures.obj
         .\Debug\gui.obj
         .\Debug\guibutton.obj
         .\Debug\guiedit.obj
         .\Debug\guifont.obj
         .\Debug\guihelp.obj
         .\Debug\guiimage.obj
         .\Debug\guilabel.obj
         .\Debug\guimenu.obj
         .\Debug\guiobject.obj
         .\Debug\guiscrollbar.obj
         .\Debug\guiscrollist.obj
         .\Debug\img.obj
         .\Debug\screen.obj
         .\Debug\tgfclient.obj
         .\Debug\entry.obj
         .\Debug\errno.obj
         .\Debug\exitmenu.obj
         .\Debug\mainmenu.obj
         .\Debug\optionmenu.obj
         .\Debug\splash.obj
         "C:\Users\Justin\Downloads\torcs-1.3.6\src\modules\graphic\ssggraph\Debug\ssggraphlib.lib"
         "C:\Users\Justin\Downloads\torcs-1.3.6\src\libs\robottools\Debug\robottools.lib"
         "C:\Users\Justin\Downloads\torcs-1.3.6\src\libs\tgf\Debug\tgf.lib"
     1>LINK : fatal error LNK1104: cannot open file 'robottools.lib'
     1>Done Building Project "C:\Users\Justin\Downloads\torcs-1.3.6\src\libs\client\client.vcxproj" (Build target(s)) -- FAILED.

Build FAILED.

Time Elapsed 00:00:47.44
