Build started 6/1/2015 11:18:25 PM.
     1>Project "C:\Users\Justin\Downloads\torcs-1.3.6\src\modules\graphic\ssggraph\ssggraphlib.vcxproj" on node 3 (Rebuild target(s)).
     1>ClCompile:
         C:\Program Files (x86)\Microsoft Visual Studio 12.0\VC\bin\CL.exe /c /I../../../../export/include /I../../../windows/include /I../../../.. /Zi /nologo /W2 /WX- /O2 /Ob2 /Oy- /D WIN32 /D NDEBUG /D _LIB /D _VC80_UPGRADE=0x0600 /D _MBCS /GF /Gm- /EHsc /MT /GS /Gy /fp:precise /Zc:wchar_t /Zc:forScope /Fo".\Release\\" /Fd".\Release\vc120.pdb" /Gd /TP /analyze- /errorReport:prompt CarSoundData.cpp grboard.cpp grcam.cpp grcar.cpp grcarlight.cpp grloadac.cpp grmain.cpp grmultitexstate.cpp grscene.cpp grscreen.cpp grshadow.cpp grskidmarks.cpp grsmoke.cpp grsound.cpp grtexture.cpp grtrackmap.cpp grutil.cpp grvtxtable.cpp OpenalSoundInterface.cpp PlibSoundInterface.cpp SoundInterface.cpp ssggraph.cpp TorcsSound.cpp
         CarSoundData.cpp
         grboard.cpp
         grcam.cpp
         grcar.cpp
         grcarlight.cpp
         grloadac.cpp
         grmain.cpp
         grmultitexstate.cpp
         grscene.cpp
         grscreen.cpp
         grshadow.cpp
         grskidmarks.cpp
         grsmoke.cpp
         grsound.cpp
         grtexture.cpp
         grtrackmap.cpp
         grutil.cpp
         grvtxtable.cpp
         OpenalSoundInterface.cpp
         PlibSoundInterface.cpp
         Generating Code...
         Compiling...
         SoundInterface.cpp
         ssggraph.cpp
         TorcsSound.cpp
         Generating Code...
       Lib:
         C:\Program Files (x86)\Microsoft Visual Studio 12.0\VC\bin\Lib.exe /OUT:".\Release\ssggraphlib.lib" /NOLOGO .\Release\CarSoundData.obj
         .\Release\grboard.obj
         .\Release\grcam.obj
         .\Release\grcar.obj
         .\Release\grcarlight.obj
         .\Release\grloadac.obj
         .\Release\grmain.obj
         .\Release\grmultitexstate.obj
         .\Release\grscene.obj
         .\Release\grscreen.obj
         .\Release\grshadow.obj
         .\Release\grskidmarks.obj
         .\Release\grsmoke.obj
         .\Release\grsound.obj
         .\Release\grtexture.obj
         .\Release\grtrackmap.obj
         .\Release\grutil.obj
         .\Release\grvtxtable.obj
         .\Release\OpenalSoundInterface.obj
         .\Release\PlibSoundInterface.obj
         .\Release\SoundInterface.obj
         .\Release\ssggraph.obj
         .\Release\TorcsSound.obj
         ssggraphlib.vcxproj -> C:\Users\Justin\Downloads\torcs-1.3.6\src\modules\graphic\ssggraph\.\Release\ssggraphlib.lib
       PostBuildEvent:
         copy C:\Users\Justin\Downloads\torcs-1.3.6\src\modules\graphic\ssggraph\Release\*.lib ..\..\..\..\export\lib
         :VCEnd
         C:\Users\Justin\Downloads\torcs-1.3.6\src\modules\graphic\ssggraph\Release\ssggraphlib.lib
                 1 file(s) copied.
     1>Done Building Project "C:\Users\Justin\Downloads\torcs-1.3.6\src\modules\graphic\ssggraph\ssggraphlib.vcxproj" (Rebuild target(s)).

Build succeeded.

Time Elapsed 00:00:35.78
