c:\users\justin\downloads\torcs-1.3.6\src\libs\tgf\debug\vc120.pdb
c:\users\justin\downloads\torcs-1.3.6\src\libs\tgf\debug\directory.sbr
c:\users\justin\downloads\torcs-1.3.6\src\libs\tgf\debug\hash.sbr
c:\users\justin\downloads\torcs-1.3.6\src\libs\tgf\debug\module.sbr
c:\users\justin\downloads\torcs-1.3.6\src\libs\tgf\debug\os.sbr
c:\users\justin\downloads\torcs-1.3.6\src\libs\tgf\debug\params.sbr
c:\users\justin\downloads\torcs-1.3.6\src\libs\tgf\debug\tgf.sbr
c:\users\justin\downloads\torcs-1.3.6\src\libs\tgf\debug\trace.sbr
c:\users\justin\downloads\torcs-1.3.6\src\libs\tgf\debug\trace.nativecodeanalysis.xml
c:\users\justin\downloads\torcs-1.3.6\src\libs\tgf\debug\os.nativecodeanalysis.xml
c:\users\justin\downloads\torcs-1.3.6\src\libs\tgf\debug\module.nativecodeanalysis.xml
c:\users\justin\downloads\torcs-1.3.6\src\libs\tgf\debug\hash.nativecodeanalysis.xml
c:\users\justin\downloads\torcs-1.3.6\src\libs\tgf\debug\directory.nativecodeanalysis.xml
c:\users\justin\downloads\torcs-1.3.6\src\libs\tgf\debug\directory.obj
c:\users\justin\downloads\torcs-1.3.6\src\libs\tgf\debug\hash.obj
c:\users\justin\downloads\torcs-1.3.6\src\libs\tgf\debug\module.obj
c:\users\justin\downloads\torcs-1.3.6\src\libs\tgf\debug\os.obj
c:\users\justin\downloads\torcs-1.3.6\src\libs\tgf\debug\trace.obj
c:\users\justin\downloads\torcs-1.3.6\src\libs\tgf\debug\
c:\users\justin\downloads\torcs-1.3.6\src\libs\tgf\debug\tgf.tlog\cl.command.1.tlog
c:\users\justin\downloads\torcs-1.3.6\src\libs\tgf\debug\tgf.tlog\cl.read.1.tlog
c:\users\justin\downloads\torcs-1.3.6\src\libs\tgf\debug\tgf.tlog\cl.write.1.tlog
