Build started 5/30/2015 4:08:14 PM.
     1>Project "C:\Users\Justin\Downloads\torcs-1.3.6\src\libs\tgf\tgf.vcxproj" on node 2 (Build target(s)).
     1>ClCompile:
         C:\Program Files (x86)\Microsoft Visual Studio 12.0\VC\bin\CL.exe /c /I../../../export/include /I../../windows/include /I../../.. /Zi /nologo /W2 /WX- /Od /Oy- /D WIN32 /D _DEBUG /D _WINDOWS /D _USRDLL /D TGF_EXPORTS /D DEBUG /D DEBUG_OUT /D _VC80_UPGRADE=0x0600 /D _WINDLL /D _MBCS /Gm- /EHsc /RTC1 /MTd /GS /Gy- /fp:precise /Zc:wchar_t /Zc:forScope /Fo".\Debug\\" /Fd".\Debug\vc120.pdb" /FR".\Debug\\" /Gd /TP /analyze- /errorReport:prompt params.cpp tgf.cpp
         params.cpp
         tgf.cpp
         Generating Code...
       Link:
         C:\Program Files (x86)\Microsoft Visual Studio 12.0\VC\bin\link.exe /ERRORREPORT:PROMPT /OUT:".\Debug\tgf.dll" /INCREMENTAL /NOLOGO /LIBPATH:../../../export/libd /LIBPATH:../../windows/lib libpng15_vs6static.lib txml.lib sg.lib ul.lib kernel32.lib user32.lib gdi32.lib winspool.lib comdlg32.lib advapi32.lib shell32.lib ole32.lib oleaut32.lib uuid.lib odbc32.lib odbccp32.lib /NODEFAULTLIB:LIBCMT /DEF:".\tgf.def" /MANIFEST /MANIFESTUAC:"level='asInvoker' uiAccess='false'" /manifest:embed /DEBUG /PDB:".\Debug\tgf.pdb" /SUBSYSTEM:CONSOLE /TLBID:1 /DYNAMICBASE /NXCOMPAT /IMPLIB:".\Debug\tgf.lib" /MACHINE:X86 /SAFESEH /DLL .\Debug\directory.obj
         .\Debug\hash.obj
         .\Debug\module.obj
         .\Debug\os.obj
         .\Debug\params.obj
         .\Debug\tgf.obj
         .\Debug\trace.obj
         "C:\Users\Justin\Downloads\torcs-1.3.6\src\libs\txml\Debug\txml.lib"
            Creating library .\Debug\tgf.lib and object .\Debug\tgf.exp
         tgf.vcxproj -> C:\Users\Justin\Downloads\torcs-1.3.6\src\libs\tgf\.\Debug\tgf.dll
       BscMake:
         C:\Program Files (x86)\Microsoft Visual Studio 12.0\VC\bin\bscmake.exe /nologo /o".\Debug\tgf.bsc" .\Debug\directory.sbr .\Debug\hash.sbr .\Debug\module.sbr .\Debug\os.sbr .\Debug\params.sbr .\Debug\tgf.sbr .\Debug\trace.sbr
       PostBuildEvent:
         copy C:\Users\Justin\Downloads\torcs-1.3.6\src\libs\tgf\Debug\*.dll C:\Users\Justin\Downloads\torcs-1.3.6\runtimed
         copy C:\Users\Justin\Downloads\torcs-1.3.6\src\libs\tgf\Debug\*.lib C:\Users\Justin\Downloads\torcs-1.3.6\export\libd
         :VCEnd
         C:\Users\Justin\Downloads\torcs-1.3.6\src\libs\tgf\Debug\tgf.dll
                 1 file(s) copied.
         C:\Users\Justin\Downloads\torcs-1.3.6\src\libs\tgf\Debug\tgf.lib
                 1 file(s) copied.
     1>Done Building Project "C:\Users\Justin\Downloads\torcs-1.3.6\src\libs\tgf\tgf.vcxproj" (Build target(s)).

Build succeeded.

Time Elapsed 00:00:07.82
